0.7989
0.7986
0.8007
0.8089
0.8026
0.8016
0.7648
0.8021
0.8032
0.7624
0.8089
0.8032
0.7648
0.7648
0.8082
0.8010
0.8013
0.8026
0.8031
0.8021
0.8089
0.8082
0.8013
0.8013
0.7989
0.8024
0.7994
0.7536
0.8020
0.8104
0.8104
0.8089
0.7991
0.8135
0.7979
0.8015
0.7995
0.8167
0.8034
0.8116
0.8167
0.8135
0.8167
0.8097
0.7997
0.8152
0.7998
0.8022
0.8116
0.8117
0.8167
0.8167
0.8010
0.8103
0.8135
0.8138
0.8187
0.8097
0.7991
0.8058
0.8187
0.8167
0.8167
0.8167
0.8120
0.8102
0.8178
0.8123
0.8076
0.7991
0.8187
0.8178
0.8090
0.8021
0.8013
0.8181
0.8178
0.8167
0.8187
0.8167
0.8187
0.8187
0.8021
0.8187
0.8133
0.8084
0.8165
0.8193
0.8178
0.8021
0.8193
0.8187
0.8167
0.8187
0.8187
0.8020
0.8021
0.8021
0.8187
0.8084
0.8193
0.8187
0.8084
0.8187
0.8197
0.8187
0.8106
0.8021
0.8193
0.8187
0.8197
0.8193
0.8184
0.8185
0.8084
0.8190
0.8163
0.8194
0.8187
0.8183
0.8197
0.8194
0.8187
0.8084
0.8184
0.8183
0.8148
0.8118
0.8187
0.8182
0.8197
0.8194
0.8187
0.8093
0.8104
0.8097
0.8118
0.8118
0.8148
0.8183
0.8197
0.8194
0.8134
0.8178
0.8118
0.8118
0.8192
0.8185
0.8093
0.8109
0.8197
0.8194
0.8198
0.8176
0.8152
0.8116
0.8118
0.8109
0.8161
0.8193
0.8198
0.8197
0.8197
0.8119
0.8176
0.8152
0.8198
0.8199
0.8198
0.8193
0.8199
0.8198
0.8193
0.8138
0.7550
0.8197
0.8199
0.8197
0.8197
0.8198
0.8199
0.8199
0.8193
0.8116
0.8194
0.8119
0.8197
0.8199
0.8197
0.8197
0.8199
0.8199
0.8116
0.8199
0.8197
0.8197
0.8122
0.8199
0.8199
0.8199
0.8199
0.8199
0.8116
0.8199
0.8161
0.8115
0.8197
0.8199
0.8199
0.8199
0.8199
0.8199
0.8161
0.8199
0.8199
0.8199
0.8199
0.8163
0.8199
0.8199
0.8199
0.8199
0.8163
0.8199
0.8199
0.8161
0.8124
0.8199
0.8163
0.8162
0.8199
0.8199
0.8199
0.8153
0.7958
0.8162
0.8204
0.8161
0.8199
0.8124
0.8204
0.8199
0.8170
0.7958
0.8199
0.7958
0.8199
0.8198
0.8124
0.8204
0.8204
0.8204
0.8132
0.8199
0.8199
0.7958
0.8199
0.8199
0.8199
0.7958
0.8204
0.8204
0.8124
0.7965
0.8138
0.8110
0.8172
0.8199
0.7958
0.7959
0.8204
0.8204
0.7958
0.7961
0.7969
0.7958
0.8126
0.8102
0.8142
0.8199
0.8204
0.8204
0.7960
0.8205
0.7960
0.8201
0.7958
0.8124
0.7949
0.8204
0.8205
0.8204
0.8205
0.7960
0.8204
0.8204
0.8125
0.7959
0.8201
0.7959
0.8205
0.8205
0.8204
0.8205
0.7960
0.8204
0.8204
0.8068
0.7960
0.8201
0.8205
0.8205
0.8067
0.8204
0.8205
0.8204
0.8205
0.7523
0.8127
0.7970
0.8205
0.8205
0.7970
0.8205
0.7969
0.7747
0.8129
0.8201
0.8205
0.8174
0.8205
0.8205
0.8128
0.7970
0.7873
0.7969
0.8201
0.8205
0.8055
0.8154
0.8205
0.8205
0.8205
0.8205
0.7972
0.7969
0.8205
0.8128
0.8205
0.8197
0.8205
0.8205
0.8207
0.8128
0.8205
0.8128
0.7974
0.8175
0.8206
0.8174
0.8207
0.8206
0.8200
0.8174
0.7961
0.7860
0.8205
0.8175
0.8171
0.8126
0.8207
0.8206
0.8176
0.8205
0.8183
0.7806
0.8171
0.8126
0.8207
0.8207
0.8207
0.8207
0.8206
0.8183
0.8208
0.8207
0.8205
0.8205
0.8183
0.8207
0.8208
0.8207
0.8205
0.8207
0.8207
0.8208
0.7880
0.8129
0.8207
0.8208
0.8208
0.8208
0.8149
0.8207
0.8128
0.8207
0.8208
0.8207
0.8207
0.7906
0.8208
0.8208
0.8128
0.8205
0.8207
0.8208
0.8207
0.8134
0.8211
0.7880
0.8211
0.8208
0.8206
0.8149
0.8211
0.8207
0.8129
0.8213
0.8128
0.8207
0.8213
0.8211
0.8208
0.8208
0.8207
0.8206
0.8206
0.8211
0.8134
0.8215
0.8215
0.8213
0.8201
0.8211
0.8206
0.8206
0.8215
0.8211
0.8203
0.8168
0.8215
0.8215
0.8208
0.8206
0.8205
0.8215
0.8210
0.8211
0.8149
0.8215
0.8215
0.8215
0.8215
0.8215
0.8148
0.8192
0.8208
0.8208
0.8215
0.8211
0.8215
0.8215
0.8215
0.8210
0.8191
0.8214
0.8214
0.8210
0.8207
0.8215
0.8215
0.8215
0.8215
0.8213
0.8214
0.8215
0.8214
0.8208
0.8212
0.8211
0.8215
0.8215
0.8214
0.8215
0.8215
0.8211
0.8215
0.8214
0.8214
0.8213
0.8215
0.8215
0.8215
0.8215
0.8213
0.8215
0.8215
0.8214
0.8212
0.8179
0.8215
0.8215
0.8215
0.8215
0.8210
0.8214
0.8210
0.8215
0.8214
0.8213
0.8215
0.8215
0.8210
0.8215
0.8215
0.8213
0.8210
0.8216
0.8215
0.8210
0.8216
0.8215
0.8215
0.8213
0.8210
0.8215
0.8215
0.8211
0.8214
0.8215
0.8216
0.8215
0.8210
0.8215
0.8214
0.8215
0.8215
0.8211
0.8215
0.8215
0.8216
0.8215
0.8216
0.8215
0.8215
0.8215
0.8215
0.8215
0.8208
0.8215
0.8216
0.8216
0.8217
0.8215
0.8215
0.8215
0.8215
0.8214
0.8041
0.8214
0.8217
0.8216
0.8216
0.8214
0.8216
0.8217
0.8215
0.8215
0.8215
0.8041
0.8217
0.8217
0.8215
0.8217
0.8214
0.8209
0.8028
0.8215
0.8040
0.8216
0.8217
0.8217
0.8195
0.8028
0.8024
0.8209
0.8209
0.8209
0.8027
0.8207
0.8217
0.8217
0.8217
0.8209
0.8022
0.8024
0.8212
0.8215
0.8217
0.8217
0.8217
0.8217
0.8223
0.8215
0.8212
0.8209
0.8207
0.8027
0.8219
0.8215
0.8223
0.8219
0.8223
0.8038
0.8213
0.8217
0.8217
0.8218
0.8219
0.8219
0.8223
0.8223
0.8219
0.8219
0.8219
0.8178
0.8043
0.8214
0.8218
0.8213
0.8223
0.8223
0.8206
0.8219
0.8213
0.8218
0.8213
0.8210
0.8213
0.8043
0.8223
0.8223
0.8218
0.8213
0.8219
0.8218
0.8214
0.8218
0.8217
0.8215
0.8223
0.8223
0.8216
0.8216
0.8218
0.8223
0.8212
0.8215
0.8223
0.8218
0.8223
0.8223
0.8221
0.8217
0.8223
0.8215
0.8214
0.8228
0.8178
0.8226
0.8228
0.8226
0.8221
0.8163
0.8187
0.8223
0.8215
0.8217
0.8224
0.8216
0.8228
0.8226
0.8223
0.8179
0.8224
0.8225
0.8204
0.8216
0.8221
0.7920
0.8228
0.8226
0.8178
0.8226
0.8204
0.8205
0.8233
0.8215
0.8184
0.8226
0.8233
0.8228
0.8225
0.8205
0.8184
0.8219
0.8213
0.8183
0.8180
0.8229
0.8233
0.8229
0.8211
0.8213
0.8214
0.8216
0.8229
0.8227
0.8180
0.8232
0.8233
0.8232
0.8214
0.8213
0.8171
0.8231
0.8229
0.8232
0.8216
0.8227
0.8233
0.8232
0.8214
0.8214
0.8192
0.8191
0.7691
0.8229
0.8229
0.8229
0.8233
0.8232
0.8191
0.8233
0.8191
0.7691
0.8226
0.8229
0.8229
0.8214
0.8233
0.8233
0.8232
0.8233
0.8229
0.8229
0.8214
0.8233
0.8233
0.8233
0.8233
0.8233
0.8226
0.8060
0.8229
0.8229
0.8229
0.8231
0.7738
0.8233
0.8233
0.8233
0.8183
0.8231
0.8100
0.7696
0.8233
0.8229
0.8227
0.8229
0.8233
0.8233
0.8166
0.8231
0.8233
0.8233
0.7695
0.8224
0.8233
0.8098
0.8233
0.8233
0.8231
0.8228
0.8055
0.8230
0.8233
0.8233
0.8228
0.8216
0.8233
0.8233
0.8233
0.8233
0.8233
0.8055
0.8221
0.8225
0.8059
0.8233
0.8233
0.8233
0.8105
0.8225
0.8233
0.8233
0.8233
0.8190
0.8233
0.8233
0.8233
0.8233
0.8232
0.8190
0.8233
0.8233
0.8233
0.8233
0.8233
0.8190
0.8233
0.8233
0.8231
0.8233
0.8217
0.8233
0.8233
0.8190
0.8233
0.8190
0.8233
0.8233
0.8215
0.8217
0.8190
0.8233
0.8190
0.8190
0.8232
0.8233
0.8233
0.8233
0.8232
0.8189
0.8190
0.8190
0.8233
0.8189
0.8230
0.8217
0.8233
0.8233
0.8233
0.8159
0.8212
0.8192
0.8214
0.8224
0.8233
0.8232
0.8233
0.8233
0.8228
0.8233
0.8232
0.8193
0.8223
0.8161
0.8233
0.8221
0.8233
0.8233
0.8220
0.8232
0.8227
0.8231
0.8224
0.8159
0.8228
0.8221
0.8233
0.8233
0.8224
0.8224
0.8224
0.8231
0.8229
0.8232
0.8224
0.8231
0.8233
0.8233
0.8224
0.8224
0.8228
0.8225
0.8233
0.8232
0.8231
0.8229
0.8233
0.8233
0.8092
0.8227
0.8233
0.8224
0.8228
0.8233
0.8233
0.8226
0.8233
0.8233
0.8233
0.8233
0.8233
0.8228
0.8224
0.8212
0.8095
0.8222
0.8233
0.8233
0.8233
0.8233
0.8228
0.8222
0.8095
0.8233
0.8215
0.8093
0.8233
0.8233
0.8217
0.8104
0.8232
0.8224
0.8233
0.8233
0.8210
0.8245
0.8245
0.8233
0.8231
0.8222
0.8141
0.8216
0.8230
0.8221
0.8233
0.8184
0.8245
0.8233
0.8210
0.8229
0.8188
0.8156
0.8141
0.8245
0.8210
0.8227
0.8245
0.8245
0.8127
0.8142
0.8200
0.8150
0.8167
0.8200
0.8161
0.8245
0.8245
0.8245
0.8245
0.8147
0.8245
0.8245
0.8150
0.8156
0.8155
0.8231
0.8245
0.8245
0.8230
0.8128
0.8141
0.8167
0.8159
0.8223
0.8120
0.8150
0.8245
0.8245
0.8245
0.8245
0.8147
0.8142
0.8163
0.8139
0.8245
0.8186
0.8245
0.8245
0.8163
0.8163
0.8245
0.8222
0.8144
0.8257
0.8147
0.8199
0.8257
0.8245
0.8240
0.8199
0.8214
0.8145
0.8163
0.8245
0.8233
0.8195
0.8257
0.8245
0.8235
0.8222
0.8245
0.8223
0.8245
0.8163
0.8145
0.8223
0.8257
0.8245
0.8218
0.8257
0.8224
0.8192
0.8163
0.8223
0.8222
0.8245
0.8257
0.8257
0.8231
0.8224
0.8156
0.8223
0.8224
0.8192
0.8235
0.8156
0.8257
0.8257
0.8156
0.8156
0.8243
0.8139
0.7805
0.8257
0.8257
0.8231
0.8257
0.8257
0.8156
0.8154
0.8213
0.8218
0.8231
0.8139
0.8142
0.8027
0.8257
0.8257
0.8257
0.8155
0.8027
0.8213
0.8156
0.8141
0.8168
0.8231
0.8257
0.8257
0.8140
0.8232
0.8213
0.8213
0.8228
0.8182
0.8145
0.8224
0.8257
0.8257
0.8257
0.8210
0.8217
0.8140
0.8218
0.8253
0.8145
0.8154
0.8257
0.8257
0.8145
0.8257
0.8257
0.8218
0.8145
0.8218
0.8217
0.8145
0.8257
0.8257
0.8304
0.8147
0.8159
0.8145
0.8133
0.8217
0.8257
0.8145
0.8304
0.8257
0.8152
0.8304
0.8133
0.8133
0.8147
0.8141
0.8145
0.8170
0.8304
0.8304
0.8145
0.8133
0.8108
0.8108
0.8134
0.8151
0.8231
0.8141
0.8304
0.8304
0.8104
0.8155
0.8231
0.8304
0.8000
0.8258
0.8134
0.8231
0.8304
0.8304
0.8027
0.8134
0.8231
0.8134
0.8133
0.8135
0.8133
0.8102
0.8304
0.8304
0.8227
0.8304
0.8233
0.8020
0.8018
0.8305
0.8141
0.8130
0.8305
0.8304
0.8304
0.8233
0.8141
0.8141
0.8304
0.8263
0.8304
0.8020
0.8305
0.8304
0.8255
0.8151
0.8304
0.8160
0.8238
0.8304
0.8225
0.8233
0.8305
0.8304
0.8141
0.8159
0.8160
0.8156
0.8121
0.8144
0.8160
0.8172
0.8305
0.8304
0.8143
0.8156
0.8284
0.8304
0.8159
0.8159
0.8027
0.8257
0.8305
0.8304
0.8247
0.8027
0.8143
0.8143
0.8305
0.8159
0.8131
0.8151
0.8305
0.8305
0.8224
0.8156
0.8305
0.8247
0.8304
0.8248
0.8159
0.8104
0.8305
0.8305
0.8194
0.8264
0.8313
0.8247
0.8305
0.8405
0.8304
0.8305
0.8405
0.8313
0.8197
0.8303
0.8316
0.8303
0.8305
0.8264
0.8282
0.8304
0.8405
0.8316
0.8313
0.8316
0.8264
0.8262
0.8316
0.8303
0.8316
0.8172
0.8405
0.8316
0.8313
0.8304
0.8172
0.8168
0.8313
0.8304
0.8305
0.6953
0.8405
0.8316
0.7952
0.8305
0.8304
0.6953
0.8305
0.8242
0.8464
0.8270
0.8464
0.8405
0.7314
0.8283
0.8483
0.8197
0.8263
0.8270
0.7953
0.8220
0.8483
0.8464
0.8178
0.8169
0.8460
0.8294
0.8213
0.8122
0.8270
0.8405
0.8483
0.8464
0.8270
0.8248
0.8169
0.8197
0.8294
0.8294
0.8211
0.8142
0.8483
0.8464
0.8336
0.8270
0.8294
0.8205
0.8211
0.8460
0.8444
0.8270
0.8483
0.8464
0.8236
0.8213
0.8483
0.8244
0.8356
0.8211
0.8316
0.8247
0.8483
0.8483
0.8483
0.8236
0.8294
0.8248
0.8464
0.8213
0.8211
0.8212
0.8483
0.8483
0.8204
0.8216
0.8359
0.8211
0.8122
0.8483
0.8210
0.8464
0.8483
0.8483
0.8286
0.8483
0.8464
0.8280
0.8094
0.8247
0.8483
0.8216
0.8483
0.8483
0.8216
0.8216
0.8483
0.8033
0.8488
0.8129
0.8446
0.8491
0.8491
0.8488
0.8483
0.8215
0.8023
0.8033
0.8510
0.8524
0.8483
0.8446
0.8524
0.8510
0.8495
0.8498
0.8215
0.8286
0.8023
0.8215
0.8452
0.7994
0.8524
0.8510
0.8499
0.8530
0.8215
0.8502
0.7994
0.8498
0.8547
0.8309
0.8547
0.8530
0.8498
0.8510
0.8443
0.8547
0.8468
0.8502
0.8486
0.8323
0.8547
0.8547
0.8336
0.8520
0.8547
0.8498
0.8475
0.8471
0.8486
0.8547
0.8547
0.8547
0.8394
0.8547
0.8336
0.8336
0.8478
0.8695
0.8461
0.8498
0.8695
0.8547
0.8541
0.8541
0.8394
0.8336
0.8394
0.8507
0.8478
0.8478
0.8695
0.8547
0.8478
0.8541
0.8464
0.8507
0.8391
0.8547
0.8028
0.8581
0.8695
0.8581
0.7512
0.8515
0.8486
0.8457
0.8626
0.8581
0.8760
0.8547
0.8760
0.8695
0.8547
0.8584
0.8647
0.8652
0.8464
0.8490
0.8457
0.8457
0.8760
0.8695
0.8490
0.8652
0.8485
0.8695
0.8464
0.8695
0.8636
0.8534
0.8760
0.8695
0.8485
0.8630
0.8652
0.8652
0.8658
0.8450
0.8581
0.8626
0.8760
0.8695
0.8652
0.8652
0.8695
0.8450
0.8760
0.8581
0.8359
0.8627
0.8760
0.8760
0.8630
0.8439
0.8694
0.8581
0.8626
0.8581
0.8407
0.8144
0.8760
0.8760
0.8582
0.8484
0.8760
0.8760
0.8582
0.8626
0.8582
0.8695
0.8760
0.8760
0.8615
0.8547
0.8029
0.8695
0.8610
0.8582
0.8500
0.8652
0.8760
0.8760
0.8629
0.8633
0.8472
0.8582
0.8651
0.8025
0.8600
0.8653
0.8760
0.8760
0.8644
0.8633
0.8633
0.8026
0.8472
0.8651
0.8633
0.8644
0.8760
0.8760
0.8629
0.8761
0.8766
0.8633
0.8652
0.8597
0.8610
0.8614
0.8766
0.8761
0.8766
0.8760
0.8766
0.8378
0.8630
0.8583
0.8619
0.8633
0.8766
0.8766
0.8437
0.8616
0.8378
0.8761
0.8599
0.8407
0.8610
0.8630
0.8766
0.8766
0.8610
0.8766
0.8761
0.8651
0.8437
0.8616
0.8437
0.8464
0.8766
0.8766
0.7664
0.8378
0.8628
0.8388
0.8766
0.8610
0.8610
0.8610
0.8766
0.8766
0.8628
0.8628
0.8609
0.8766
0.7642
0.7664
0.8766
0.7650
0.8766
0.8766
0.7664
0.8766
0.8651
0.8609
0.7650
0.8628
0.8638
0.8609
0.8766
0.8766
0.8638
0.8766
0.8642
0.8766
0.8638
0.8766
0.8628
0.7531
0.8766
0.8766
0.7531
0.8639
0.8350
0.8766
0.7660
0.8327
0.8765
0.7660
0.8766
0.8766
0.7524
0.8031
0.7664
0.8638
0.8117
0.8594
0.7660
0.8699
0.8766
0.8766
0.8122
0.8639
0.8699
0.8120
0.8627
0.7532
0.8766
0.8031
0.8766
0.8766
0.8627
0.8766
0.8029
0.8699
0.7163
0.8766
0.8515
0.8766
0.8766
0.8766
0.8029
0.7980
0.8205
0.8635
0.7155
0.8766
0.8572
0.8341
0.8766
0.8766
0.8037
0.8450
0.8766
0.8029
0.8766
0.8028
0.8766
0.8518
0.8766
0.8766
0.8029
0.8040
0.8029
0.8562
0.8635
0.8766
0.8037
0.8037
0.8766
0.8766
0.8754
0.8027
0.8558
0.8029
0.8029
0.8558
0.8029
0.8527
0.8766
0.8766
0.8027
0.8029
0.8527
0.8029
0.8037
0.8754
0.8562
0.8029
0.8766
0.8766
0.7977
0.8766
0.8027
0.8766
0.8029
0.8029
0.8029
0.8766
0.8766
0.8766
0.8029
0.8034
0.8027
0.7977
0.8028
0.8027
0.8766
0.7163
0.8766
0.8766
0.7163
0.8766
0.8754
0.8026
0.7977
0.6444
0.8029
0.8766
0.8766
0.8766
0.8029
0.8766
0.8762
0.8766
0.8754
0.7977
0.7163
0.8766
0.8766
0.8766
0.8766
0.8762
0.8766
0.8766
0.8029
0.8754
0.8754
0.8766
0.8766
0.8766
0.8754
0.8762
0.8766
0.8768
0.8766
0.8029
0.8766
0.8754
0.8768
0.8766
0.8509
0.8514
0.8768
0.8766
0.8593
0.8378
0.8651
0.8766
0.8768
0.8768
0.8514
0.8593
0.8509
0.8762
0.8509
0.8509
0.8509
0.8762
0.8768
0.8768
0.8766
0.8764
0.8762
0.8762
0.8454
0.8208
0.8509
0.8421
0.8768
0.8768
0.8454
0.8509
0.8571
0.8593
0.8768
0.8208
0.8514
0.8514
0.8768
0.8768
0.8766
0.8218
0.8593
0.8509
0.8572
0.8509
0.8593
0.8454
0.8768
0.8768
0.8593
0.8252
0.8757
0.8509
0.8571
0.8628
0.8352
0.8593
0.8768
0.8768
0.8768
0.8593
0.8345
0.8754
0.8769
0.8509
0.8759
0.8571
0.8769
0.8768
0.8768
0.8509
0.8388
0.8769
0.8587
0.8754
0.8509
0.8768
0.8769
0.8769
0.8757
0.8509
0.8748
0.8768
0.8768
0.7686
0.8769
0.8388
0.8769
0.8769
0.8725
0.8627
0.8768
0.7665
0.8209
0.8769
0.8768
0.8769
0.8769
0.8769
0.8769
0.8366
0.8764
0.8725
0.8628
0.8747
0.8748
0.8209
0.8769
0.8769
0.8637
0.8747
0.8651
0.8769
0.8769
0.8769
0.8747
0.8628
0.8769
0.8769
0.8769
0.8623
0.8115
0.8764
0.8539
0.8553
0.8747
0.8747
0.8769
0.8769
0.8120
0.8637
0.8637
0.8572
0.8769
0.8747
0.8120
0.8204
0.8769
0.8769
0.8705
0.8572
0.8769
0.8492
0.8120
0.8634
0.8112
0.8120
0.8769
0.8769
0.7162
0.8769
0.8109
0.8120
0.8120
0.8764
0.8769
0.8769
0.8769
0.8769
0.8539
0.8769
0.7642
0.7140
0.8636
0.8120
0.8109
0.8109
0.8769
0.8769
0.8769
0.8769
0.8108
0.8120
0.8630
0.8113
0.8109
0.8474
0.8769
0.8769
0.8070
0.8108
0.8769
0.8769
0.8747
0.8348
0.8189
0.8109
0.8769
0.8769
0.8109
0.8747
0.8613
0.8018
0.8348
0.8348
0.8503
0.8189
0.8769
0.8769
0.8503
0.8747
0.8262
0.8769
0.8305
0.8207
0.8630
0.8503
0.8769
0.8769
0.7683
0.8146
0.8769
0.8262
0.7688
0.8189
0.8042
0.7688
0.8769
0.8769
0.8189
0.7682
0.8306
0.8228
0.8042
0.7688
0.8482
0.8503
0.8769
0.8769
0.7262
0.8189
0.8769
0.8391
0.8482
0.8769
0.7688
0.8108
0.8769
0.8769
0.8152
0.8142
0.8452
0.7682
0.8503
0.8482
0.8079
0.8769
0.8769
0.8769
0.8482
0.8572
0.8769
0.8340
0.8482
0.8630
0.8158
0.8769
0.8769
0.8769
0.8769
0.8572
0.8340
0.8769
0.8340
0.8768
0.8378
0.8633
0.8769
0.8769
0.8249
0.8769
0.8586
0.8769
0.8752
0.8340
0.8572
0.8302
0.8769
0.8769
0.8249
0.8616
0.8586
0.8282
0.8769
0.8638
0.8769
0.8769
0.8769
0.8769
0.8769
0.8769
0.8769
0.8769
0.8598
0.8774
0.8769
0.8769
0.8774
0.8769
0.8769
0.8774
0.8774
0.8774
0.8769
0.8769
0.8774
0.8769
0.8774
0.8774
0.8774
0.8774
0.8622
0.8774
0.8769
0.8769
0.8774
0.8638
0.8774
0.8774
0.8587
0.8774
0.8769
0.8769
0.8774
0.8638
0.8464
0.8594
0.8774
0.8774
0.8769
0.8598
0.8594
0.8594
0.7144
0.8148
0.8769
0.8774
0.8774
0.8774
0.8594
0.8774
0.6927
0.8638
0.8140
0.8774
0.8407
0.7642
0.8774
0.8774
0.8594
0.8092
0.7660
0.8774
0.7612
0.8513
0.7163
0.8098
0.8774
0.8774
0.8348
0.8100
0.8545
0.7717
0.8462
0.8747
0.8513
0.8774
0.8774
0.8774
0.7662
0.7642
0.8545
0.8724
0.7662
0.7644
0.8143
0.8630
0.8774
0.8774
0.8276
0.8108
0.8348
0.8200
0.8630
0.8594
0.8291
0.8089
0.8774
0.8774
0.8190
0.7688
0.8089
0.8594
0.8109
0.8089
0.8071
0.8630
0.8774
0.8774
0.8774
0.8071
0.8288
0.7773
0.8089
0.8024
0.8089
0.8089
0.8774
0.8774
0.7688
0.8261
0.8288
0.8774
0.8774
0.8089
0.8288
0.7662
0.8774
0.8774
0.7661
0.8774
0.8309
0.8592
0.8284
0.7688
0.8594
0.7662
0.8774
0.8774
0.8774
0.7688
0.8284
0.8252
0.8774
0.7616
0.8609
0.8576
0.8774
0.8774
0.8774
0.8774
0.7688
0.8288
0.8252
0.8756
0.7616
0.8576
0.8774
0.8774
0.8616
0.8288
0.8288
0.7615
0.8361
0.8288
0.8377
0.8246
0.8774
0.8774
0.8768
0.8377
0.8288
0.8190
0.8774
0.8616
0.8733
0.7616
0.8774
0.8774
0.8375
0.7616
0.8288
0.8774
0.8578
0.7179
0.8288
0.8252
0.8774
0.8774
0.7764
0.8635
0.8024
0.8419
0.8774
0.8167
0.8774
0.7616
0.8774
0.8774
0.8635
0.8774
0.8024
0.8774
0.8756
0.8774
0.8756
0.8774
0.8774
0.8774
0.8633
0.8608
0.8774
0.8774
0.8756
0.8774
0.8774
0.8535
0.8774
0.8774
0.8774
0.8774
0.8633
0.8774
0.8633
0.8583
0.8756
0.8535
0.8774
0.8774
0.8774
0.8703
0.8774
0.8563
0.8633
0.8774
0.8774
0.8774
0.8774
0.8774
0.8774
0.8774
0.8522
0.8756
0.8633
0.8703
0.8774
0.8724
0.8774
0.8774
0.8774
0.8774
0.8635
0.8638
0.8774
0.8520
0.8520
0.8774
0.8774
0.8774
0.8635
0.8774
0.8632
0.8402
0.8637
0.8756
0.8520
0.8329
0.8774
0.8774
0.8756
0.8774
0.8774
0.8756
0.8637
0.8592
0.8774
0.8772
0.8774
0.8774
0.8630
0.8772
0.8637
0.8774
0.8464
0.8774
0.8774
0.8120
0.8774
0.8774
0.8630
0.8637
0.8774
0.8774
0.8774
0.8464
0.8753
0.8774
0.8774
0.8774
0.8753
0.7518
0.8756
0.8774
0.8774
0.8774
0.7644
0.8637
0.8774
0.8774
0.8774
0.8639
0.8753
0.8753
0.7644
0.7518
0.7163
0.8774
0.8774
0.8774
0.8774
0.7163
0.7644
0.7160
0.8548
0.8623
0.8623
0.8464
0.8774
0.8774
0.8623
0.8464
0.7518
0.8374
0.8753
0.8638
0.8464
0.8623
0.8774
0.8774
0.8753
0.8620
0.8774
0.8318
0.8753
0.8774
0.8406
0.8555
0.8774
0.8774
0.8753
0.8774
0.8774
0.8633
0.8596
0.8318
0.8318
0.8753
0.8774
0.8774
0.8570
0.8292
0.8724
0.8768
0.8562
0.8464
0.8558
0.8186
0.8774
0.8774
0.8562
0.8464
0.8768
0.8774
0.8347
0.8753
0.8562
0.8724
0.8774
0.8774
0.8562
0.8562
0.8630
0.8547
0.8594
0.8377
0.8283
0.7664
0.8774
0.8774
0.8368
0.8350
0.8344
0.8774
0.8273
0.8547
0.8774
0.8774
0.8774
0.8774
0.8774
0.8344
0.8589
0.8464
0.8774
0.8774
0.8274
0.8317
0.8774
0.8774
0.8774
0.8635
0.8774
0.8774
0.8377
0.8395
0.8377
0.8424
0.8774
0.8774
0.8377
0.8635
0.8395
0.8774
0.8265
0.8220
0.8774
0.8377
0.8774
0.8774
0.8630
0.8594
0.8377
0.8774
0.8774
0.8332
0.8265
0.8774
0.8774
0.8774
0.8377
0.8265
0.8774
0.8594
0.8411
0.8774
0.8075
0.8774
0.8774
0.8774
0.8366
0.8774
0.8774
0.8774
0.8233
0.8464
0.8265
0.8074
0.8774
0.8774
0.8774
0.8774
0.8635
0.8265
0.8774
0.8639
0.8774
0.8774
0.8774
0.8774
0.8639
0.8774
0.8466
0.8502
0.8377
0.8774
0.8635
0.8623
0.8774
0.8774
0.8633
0.8639
0.8211
0.8774
0.8138
0.8774
0.8623
0.8628
0.8774
0.8774
0.8369
0.8639
0.8774
0.7140
0.8639
0.8018
0.8622
0.8639
0.8774
0.8774
0.8639
0.8772
0.8639
0.8774
0.8774
0.8369
0.8172
0.8486
0.8774
0.8774
0.8639
0.8129
0.8772
0.8774
0.8772
0.8594
0.8630
0.8172
0.8774
0.8774
0.8172
0.8772
0.8594
0.8622
0.8466
0.8447
0.8630
0.8774
0.8774
0.8774
0.8594
0.8774
0.8622
0.8172
0.8774
0.8622
0.8594
0.8539
0.8774
0.8774
0.8594
0.8560
0.8768
0.8622
0.8630
0.8639
0.8774
0.8594
0.8774
0.8774
0.8774
0.8107
0.8622
0.7667
0.8594
0.8571
0.8630
0.8029
0.8774
0.8774
0.8630
0.8107
0.8544
0.8774
0.7667
0.8774
0.8538
0.8774
0.8774
0.8774
0.8321
0.8630
0.8630
0.7667
0.8571
0.8622
0.8774
0.8464
0.8774
0.8774
0.7667
0.8423
0.8630
0.8753
0.8630
0.8768
0.8774
0.8774
0.8774
0.8774
0.7667
0.8768
0.8029
0.8774
0.8399
0.8594
0.8633
0.8753
0.8774
0.8774
0.8633
0.8026
0.8753
0.8228
0.8774
0.8774
0.8594
0.8631
0.8774
0.8774
0.8774
0.8753
0.8633
0.8651
0.8768
0.8631
0.8774
0.8774
0.8774
0.8774
0.8768
0.8633
0.8622
0.8774
0.8633
0.8609
0.8630
0.8584
0.8774
0.8774
0.8768
0.8584
0.8633
0.8562
0.8768
0.8774
0.8651
0.8633
0.8774
0.8774
0.8633
0.8768
0.8633
0.8633
0.8774
0.8774
0.7688
0.8625
0.8774
0.8774
0.8377
0.7688
0.8633
0.8633
0.8774
0.8487
0.8774
0.8761
0.8774
0.8774
0.8320
0.8431
0.8774
0.8377
0.8639
0.8487
0.8487
0.7665
0.8774
0.8774
0.8774
0.8320
0.8350
0.8518
0.8774
0.8774
0.8209
0.8768
0.8774
0.8774
0.8768
0.8513
0.8638
0.8321
0.8209
0.8774
0.8774
0.8768
0.8774
0.8774
0.8774
0.8212
0.8768
0.8774
0.8774
0.8630
0.8513
0.8768
0.8774
0.8774
0.8774
0.8774
0.8513
0.8774
0.8774
0.8349
0.8616
0.8630
0.8774
0.8774
0.8349
0.7642
0.8774
0.8633
0.8631
0.8633
0.8349
0.8616
0.8774
0.8774
0.8316
0.8291
0.8774
0.8774
0.8349
0.8774
0.8218
0.8635
0.8774
0.8774
0.8349
0.8294
0.8316
0.8609
0.8774
0.8774
0.8774
0.8774
0.8774
0.8774
0.8774
0.8774
0.8774
0.8294
0.8195
0.8597
0.8463
0.8774
0.8774
0.8774
0.8774
0.8195
0.8597
0.8597
0.8195
0.8570
0.8513
0.8633
0.8774
0.8774
0.8195
0.8508
0.8774
0.8560
0.8191
0.8774
0.8349
0.8391
0.8774
0.8774
0.8774
0.8349
0.8508
0.8508
0.8753
0.8462
0.8774
0.8774
0.8774
0.8774
0.8149
0.8651
0.8508
0.8462
0.8774
0.8724
0.8430
0.8120
0.8774
0.8774
0.8513
0.8279
0.8774
0.8724
0.8774
0.8768
0.8120
0.8774
0.8774
0.8774
0.8109
0.8245
0.8411
0.8768
0.8774
0.8768
0.8479
0.8774
0.8774
0.8774
0.8513
0.8120
0.8198
0.8638
0.8768
0.8772
0.8774
0.7163
0.8774
0.8774
0.8387
0.8514
0.8774
0.8120
0.8616
0.8594
0.8638
0.7158
0.8774
0.8774
0.8376
0.8513
0.8557
0.8583
0.8774
0.8114
0.8598
0.8106
0.8774
0.8774
0.8597
0.8233
0.8719
0.8598
0.8235
0.8029
0.8513
0.8557
0.8774
0.8774
0.8462
0.8376
0.8235
0.8557
0.8774
0.8513
0.8233
0.8598
0.8774
0.8774
0.8513
0.8557
0.8557
0.8774
0.8462
0.8598
0.8514
0.8539
0.8774
0.8774
0.8369
0.8774
0.8479
0.8557
0.8557
0.8391
0.8462
0.8463
0.8774
0.8774
0.8391
0.8774
0.8539
0.8483
0.8774
0.8391
0.8391
0.8631
0.8774
0.8774
0.8442
0.8483
0.8774
0.8774
0.8774
0.8391
0.8628
0.8391
0.8774
0.8774
0.8442
0.8442
0.8442
0.8391
0.8645
0.8483
0.8391
0.8483
0.8774
0.8774
0.8442
0.8442
0.8592
0.8594
0.8391
0.8753
0.8393
0.8483
0.8774
0.8774
0.8592
0.8442
0.8753
0.8442
0.8630
0.8637
0.8592
0.8442
0.8774
0.8774
0.8598
0.8588
0.8587
0.8442
0.8639
0.8311
0.8023
0.8542
0.8774
0.8774
0.7628
0.8588
0.8442
0.8587
0.8592
0.8623
0.8588
0.8598
0.8774
0.8774
0.8636
0.8560
0.8588
0.8424
0.8597
0.8587
0.8774
0.8598
0.8774
0.8774
0.8774
0.8774
0.8597
0.8636
0.8588
0.8602
0.8419
0.8753
0.8774
0.8774
0.8774
0.8419
0.8601
0.8602
0.8513
0.8753
0.8597
0.8364
0.8774
0.8774
0.8651
0.8594
0.8774
0.8258
0.8602
0.8587
0.8479
0.8502
0.8774
0.8774
0.8479
0.8502
0.8263
0.8581
0.8473
0.8724
0.8177
0.8753
0.8774
0.8774
0.8258
0.8181
0.8589
0.8500
0.8473
0.8473
0.8598
0.8263
0.8774
0.8774
0.8756
0.8265
0.8505
0.8756
0.8265
0.8470
0.8774
0.8239
0.8774
0.8774
0.8756
0.8774
0.8638
0.8466
0.8756
0.8473
0.8756
0.8461
0.8774
0.8774
0.8470
0.8774
0.8774
0.8774
0.8774
0.8603
0.8466
0.8756
0.8774
0.8774
0.8774
0.8774
0.8463
0.8772
0.8467
0.8774
0.8774
0.8756
0.8774
0.8774
0.8774
0.8774
0.8774
0.8774
0.8411
0.8467
0.8774
0.8774
0.8774
0.8774
0.8571
0.8464
0.8467
0.8514
0.8774
0.8774
0.8774
0.7688
0.8774
0.8774
0.8594
0.8514
0.8774
0.8774
0.8774
0.8774
0.8464
0.8774
0.8774
0.8774
0.8514
0.8774
0.8594
0.8464
0.8560
0.8377
0.8464
0.8630
0.8774
0.8774
0.8774
0.8464
0.8464
0.8560
0.8594
0.8774
0.8651
0.8513
0.8774
0.8774
0.8774
0.8651
0.8774
0.8464
0.8774
0.8349
0.8502
0.8774
0.8774
0.8774
0.8774
0.8428
0.8774
0.8433
0.8753
0.8651
0.8651
0.8774
0.8774
0.8774
0.8428
0.8590
0.8774
0.8774
0.7664
0.8433
0.8428
0.8774
0.8774
0.8774
0.8677
0.8653
0.8772
0.8428
0.8296
0.8352
0.8635
0.8464
0.8774
0.8774
0.8269
0.8634
0.8357
0.8282
0.8653
0.8774
0.8513
0.7664
0.8774
0.8774
0.7654
0.8230
0.8215
0.8774
0.8190
0.8274
0.8583
0.8774
0.8774
0.8774
0.8230
0.8513
0.8583
0.8541
0.8774
0.8774
0.8221
0.8215
0.8774
0.8774
0.8539
0.8773
0.8774
0.8774
0.8513
0.8403
0.8513
0.8598
0.8774
0.8774
0.8327
0.8774
0.8774
0.8363
0.8571
0.8493
0.8774
0.8513
0.8774
0.8774
0.8774
0.8774
0.8623
0.8774
0.8363
0.8651
0.8267
0.8513
0.8774
0.8774
0.8594
0.8774
0.8640
0.7163
0.8774
0.8774
0.8774
0.8462
0.8774
0.8774
0.8774
0.8774
0.7667
0.8571
0.8587
0.8772
0.8514
0.8623
0.8774
0.8774
0.8623
0.8747
0.8774
0.8622
0.8774
0.8587
0.8473
0.8748
0.8774
0.8774
0.8466
0.8583
0.8411
0.8774
0.8774
0.8774
0.8774
0.8622
0.8774
0.8774
0.8774
0.8317
0.8774
0.8774
0.7085
0.8774
0.8088
0.8648
0.8774
0.8774
0.8774
0.8774
0.8774
0.8774
0.8609
0.8653
0.8583
0.7163
0.8774
0.8774
0.8774
0.8774
0.8773
0.8583
0.8774
0.8774
0.7208
0.8513
0.8774
0.8774
0.8513
0.8774
0.8616
0.8568
0.7181
0.8609
0.8653
0.8502
0.8774
0.8774
0.8774
0.8609
0.7163
0.8415
0.8354
0.8616
0.8513
0.8473
0.8774
0.8774
0.8354
0.8747
0.8480
0.8301
0.8345
0.8774
0.8508
0.8774
0.8774
0.8774
0.8774
0.8345
0.8633
0.8350
0.8724
0.8354
0.8653
0.8349
0.8774
0.8774
0.8630
0.8633
0.8772
0.8724
0.7664
0.8318
0.8349
0.8613
0.8774
0.8774
0.8724
0.8633
0.7664
0.8637
0.8342
0.8318
0.8772
0.8630
0.8774
0.8774
0.8772
0.8615
0.8372
0.8545
0.8355
0.8286
0.8613
0.8633
0.8774
0.8774
0.8600
0.8615
0.8262
0.8633
0.8633
0.8256
0.8283
0.8627
0.8774
0.8774
0.8262
0.8262
0.8600
0.8577
0.8615
0.8341
0.8774
0.8350
0.8774
0.8774
0.8318
0.8284
0.8262
0.8600
0.8630
0.8633
0.8262
0.8773
0.8774
0.8774
0.8283
0.8774
0.8774
0.8586
0.8772
0.7606
0.8314
0.8630
0.8774
0.8774
0.7649
0.8618
0.8420
0.8630
0.8314
0.8630
0.8638
0.8774
0.8774
0.8774
0.8630
0.8349
0.8774
0.8774
0.8618
0.8774
0.7642
0.8324
0.8774
0.8774
0.8774
0.8773
0.8618
0.8466
0.8630
0.8630
0.8630
0.8600
0.8774
0.8774
0.8600
0.8600
0.8120
0.8774
0.8630
0.8774
0.8571
0.8773
0.8774
0.8774
0.8630
0.8618
0.8120
0.8774
0.8639
0.8565
0.8774
0.8377
0.8774
0.8774
0.8639
0.8639
0.8170
0.8774
0.8774
0.8774
0.8598
0.8377
0.8774
0.8774
0.8631
0.8774
0.8774
0.8587
0.8598
0.8377
0.8774
0.8774
0.8774
0.8774
0.8587
0.8120
0.8774
0.8772
0.8377
0.8774
0.8774
0.8262
0.8774
0.8774
0.8774
0.8774
0.8724
0.8377
0.8774
0.8262
0.8587
0.8638
0.8774
0.8774
0.8724
0.8262
0.8598
0.8262
0.8434
0.8774
0.8378
0.8724
0.8774
0.8774
0.8262
0.8262
0.8262
0.8434
0.8204
0.8633
0.8598
0.8262
0.8774
0.8774
0.8774
0.8262
0.8205
0.8262
0.8774
0.8233
0.8204
0.8220
0.8774
0.8774
0.8774
0.8774
0.8594
0.8699
0.8205
0.8768
0.8609
0.8774
0.8774
0.8774
0.8774
0.8774
0.8594
0.8774
0.8594
0.8414
0.8774
0.8205
0.8774
0.8774
0.8205
0.8616
0.8651
0.8774
0.8623
0.8699
0.8513
0.8774
0.8774
0.8774
0.7129
0.8235
0.8634
0.8774
0.8724
0.8699
0.8651
0.8513
0.8774
0.8774
0.8513
0.8651
0.8512
0.8774
0.8235
0.8699
0.8571
0.8350
0.8774
0.8774
0.8774
0.8774
0.8571
0.8350
0.8350
0.8699
0.8774
0.8772
0.8774
0.8774
0.8633
0.8571
0.8350
0.8768
0.8699
0.8774
0.8544
0.8619
0.8774
0.8774
0.8774
0.8619
0.8544
0.8350
0.8774
0.8350
0.8698
0.8571
0.8774
0.8774
0.8571
0.8604
0.8774
0.8774
0.8616
0.8598
0.8697
0.8544
0.8774
0.8774
0.8774
0.8774
0.8774
0.8544
0.8774
0.8631
0.8598
0.8774
0.8774
0.8774
0.8772
0.8622
0.8616
0.8544
0.8774
0.8245
0.8598
0.8598
0.8774
0.8774
0.8363
0.8598
0.8774
0.8598
0.8597
0.8628
0.8616
0.8774
0.8774
0.8774
0.8628
0.8774
0.8598
0.8590
0.8616
0.8616
0.8598
0.8598
0.8774
0.8774
0.8598
0.8410
0.8371
0.8616
0.8598
0.8600
0.7676
0.8598
0.8774
0.8774
0.8774
0.8598
0.8598
0.8600
0.8333
0.8598
0.8420
0.8616
0.8774
0.8774
0.8333
0.8600
0.8420
0.8774
0.8600
0.8774
0.8598
0.8598
0.8774
0.8774
0.8600
0.8464
0.8357
0.8633
0.8107
0.8598
0.8501
0.8623
0.8774
0.8774
0.8627
0.8774
0.8228
0.8774
0.8337
0.8774
0.8459
0.8501
0.8774
0.8774
0.8774
0.8337
0.8774
0.8774
0.8609
0.8513
0.8774
0.8501
0.8774
0.8774
0.8774
0.8774
0.8774
0.8774
0.8756
0.8026
0.8354
0.8635
0.8774
0.8774
0.8630
0.8772
0.7642
0.8699
0.8774
0.8631
0.8774
0.8774
0.8774
0.8774
0.8774
0.8774
0.8651
0.8774
0.8699
0.8774
0.8594
0.8560
0.8774
0.8774
0.8560
0.8628
0.8622
0.8613
0.8774
0.8651
0.8560
0.8480
0.8774
0.8774
0.8634
0.8629
0.8560
0.8774
0.8628
0.8480
0.8774
0.8774
0.8774
0.8774
0.8587
0.8429
0.8632
0.8560
0.8774
0.8616
0.8651
0.8463
0.8774
0.8774
0.8617
0.8513
0.8350
0.8774
0.8774
0.8314
0.8774
0.8774
0.8774
0.8774
0.8217
0.8774
0.8350
0.8350
0.8312
0.8774
0.8571
0.8350
0.8774
0.8774
0.8633
0.8583
0.8115
0.8347
0.8204
0.8347
0.8571
0.8189
0.8774
0.8774
0.8196
0.8192
0.8064
0.8747
0.8587
0.8651
0.8188
0.8639
0.8774
0.8774
0.7642
0.8651
0.8077
0.8194
0.8225
0.8392
0.8587
0.8196
0.8774
0.8774
0.8651
0.8651
0.8196
0.8382
0.8513
0.8235
0.8194
0.8587
0.8774
0.8774
0.8463
0.8395
0.8714
0.8753
0.8540
0.8217
0.8196
0.8235
0.8774
0.8774
0.8753
0.8459
0.8459
0.8188
0.8768
0.8753
0.8587
0.8192
0.8774
0.8774
0.8571
0.8215
0.8508
0.8753
0.8377
0.8631
0.8494
0.8234
0.8774
0.8774
0.8753
0.8223
0.8571
0.8774
0.8192
0.8570
0.8774
0.8636
0.8774
0.8774
0.8350
0.8423
0.8029
0.8423
0.8774
0.8774
0.8753
0.8187
0.8774
0.8774
0.8594
0.8235
0.8774
0.8774
0.8571
0.8753
0.8570
0.8594
0.8774
0.8774
0.8606
0.8235
0.8634
0.8630
0.8774
0.8571
0.8150
0.8774
0.8774
0.8774
0.8150
0.7698
0.8774
0.8634
0.8630
0.8630
0.8774
0.8756
0.8774
0.8774
0.8774
0.8774
0.8630
0.8774
0.8628
0.8634
0.8235
0.8514
0.8774
0.8774
0.8774
0.8630
0.8463
0.8614
0.8628
0.8582
0.8377
0.8774
0.8774
0.8774
0.8630
0.8615
0.8583
0.8756
0.8622
0.8172
0.8337
0.8377
0.8774
0.8774
0.8774
0.8026
0.8172
0.8172
0.8756
0.8632
0.8622
0.8337
0.8774
0.8774
0.8128
0.8308
0.8774
0.8172
0.8026
0.8774
0.8502
0.8172
0.8774
0.8774
0.8628
0.8774
0.8774
0.8502
0.8502
0.8203
0.8502
0.8774
0.8774
0.8774
0.8502
0.8474
0.8387
0.8774
0.8503
0.8774
0.8633
0.8513
0.8774
0.8774
0.8474
0.8774
0.8638
0.7163
0.8502
0.8448
0.8594
0.8616
0.8774
0.8774
0.8642
0.8774
0.7667
0.8502
0.8503
0.7136
0.8774
0.8284
0.8774
0.8774
0.7120
0.8502
0.8588
0.8603
0.8021
0.8502
0.8228
0.8570
0.8774
0.8774
0.8437
0.8774
0.8774
0.8588
0.8724
0.8088
0.8636
0.7097
0.8774
0.8774
0.8200
0.7139
0.8247
0.8602
0.8105
0.7664
0.8651
0.8111
0.8774
0.8774
0.7139
0.7745
0.8377
0.7065
0.8599
0.8105
0.7664
0.8774
0.8774
0.8774
0.8448
0.8116
0.8235
0.8088
0.8648
0.8108
0.7059
0.7139
0.8774
0.8774
0.8774
0.8589
0.8224
0.8387
0.8448
0.8116
0.8503
0.8631
0.8774
0.8774
0.8228
0.8514
0.8631
0.8029
0.8774
0.8048
0.8116
0.8629
0.8774
0.8774
0.8774
0.8629
0.8769
0.8444
0.8628
0.8769
0.8629
0.8651
0.8774
0.8774
0.8444
0.8584
0.8114
0.8444
0.8444
0.8503
0.8629
0.8773
0.8774
0.8774
0.8062
0.8774
0.8466
0.8587
0.8040
0.8387
0.8029
0.8114
0.8774
0.8774
0.8387
0.8774
0.8774
0.8387
0.8587
0.8040
0.8571
0.8032
0.8774
0.8774
0.8031
0.8557
0.8630
0.8587
0.8774
0.8594
0.8514
0.8021
0.8774
0.8774
0.8774
0.8562
0.8583
0.8514
0.8514
0.7688
0.8021
0.8573
0.8774
0.8774
0.8514
0.8393
0.7688
0.8774
0.8583
0.8266
0.8699
0.8774
0.8774
0.8774
0.8583
0.8514
0.8393
0.7662
0.8774
0.8774
0.8327
0.8609
0.8774
0.8774
0.7662
0.8387
0.8393
0.8774
0.8339
0.8551
0.8583
0.8583
0.8774
0.8774
0.8393
0.8768
0.8387
0.8774
0.8449
0.7662
0.7662
0.8552
0.8774
0.8774
0.7688
0.8594
0.7654
0.8188
0.7662
0.8774
0.8774
0.8768
0.8774
0.8774
0.7859
0.8774
0.8774
0.8768
0.8004
0.8196
0.8466
0.8630
0.8774
0.8774
0.8195
0.8181
0.8216
0.8019
0.8774
0.8630
0.8774
0.8633
0.8774
0.8774
0.8377
0.8195
0.8578
0.8023
0.8594
0.8019
0.8633
0.8120
0.8774
0.8774
0.8774
0.8774
0.8019
0.8340
0.8107
0.8594
0.8651
0.8018
0.8774
0.8774
0.8120
0.8145
0.7713
0.8774
0.8774
0.8464
0.8377
0.8651
0.8774
0.8774
0.8120
0.8651
0.6927
0.8768
0.8631
0.8184
0.8145
0.8226
0.8774
0.8774
0.8610
0.8642
0.8120
0.8748
0.8120
0.8505
0.8340
0.8539
0.8774
0.8774
0.8507
0.8774
0.8539
0.8351
0.8642
0.8539
0.8105
0.8583
0.8774
0.8774
0.8769
0.8229
0.8651
0.8389
0.8104
0.8281
0.8594
0.8594
0.8774
0.8774
0.8389
0.8411
0.8594
0.8350
0.8560
0.8164
0.8150
0.8281
0.8774
0.8774
0.8411
0.8150
0.8350
0.8567
0.8594
0.8202
0.8350
0.8583
0.8774
0.8774
0.8320
0.8774
0.8411
0.8281
0.8150
0.8769
0.8150
0.8408
0.8774
0.8774
0.8594
0.7667
0.8774
0.8769
0.8235
0.8411
0.8411
0.8774
0.8774
0.8774
0.8587
0.8411
0.8774
0.8594
0.8406
0.8769
0.8235
0.8235
0.8774
0.8774
0.8651
0.8195
0.8594
0.8594
0.8748
0.8026
0.8367
0.8195
0.8774
0.8774
0.8593
0.8774
0.8178
0.8250
0.8195
0.8483
0.8031
0.8411
0.8774
0.8774
0.8189
0.8301
0.8023
0.8253
0.8774
0.8207
0.8026
0.8651
0.8774
0.8774
0.8024
0.8774
0.8023
0.8250
0.8560
0.8026
0.8651
0.8635
0.8774
0.8774
0.8386
0.8774
0.8774
0.8031
0.8237
0.8461
0.8378
0.8774
0.8774
0.8774
0.8031
0.8774
0.8031
0.8774
0.8774
0.7642
0.8774
0.8377
0.8774
0.8774
0.7642
0.8774
0.8774
0.7987
0.8774
0.8031
0.8026
0.8651
0.8774
0.8774
0.8645
0.8029
0.8774
0.8774
0.8774
0.8774
0.7664
0.8027
0.8774
0.8774
0.8513
0.8774
0.8774
0.8774
0.8022
0.8340
0.8034
0.8568
0.8774
0.8774
0.8568
0.8774
0.8637
0.8154
0.8464
0.8568
0.8609
0.8774
0.8774
0.8774
0.8774
0.8774
0.8774
0.8233
0.8636
0.8153
0.8566
0.8774
0.8774
0.8774
0.7472
0.8633
0.8774
0.8753
0.8107
0.8567
0.8633
0.8651
0.8774
0.8774
0.8573
0.8636
0.7473
0.8635
0.8774
0.8634
0.7777
0.8472
0.8774
0.8774
0.8603
0.8635
0.8651
0.8620
0.7776
0.8634
0.8573
0.8774
0.8774
0.8774
0.8633
0.8394
0.8633
0.8753
0.8480
0.7566
0.8618
0.8587
0.8774
0.8774
0.7566
0.8774
0.8033
0.8422
0.8611
0.8753
0.8636
0.8388
0.8774
0.8774
0.8774
0.8146
0.8388
0.8634
0.8428
0.8422
0.8158
0.6831
0.8774
0.8774
0.8464
0.8635
0.8464
0.8157
0.8137
0.8774
0.8579
0.8378
0.8774
0.8774
0.8600
0.8638
0.8157
0.8378
0.8152
0.8411
0.8120
0.8249
0.8774
0.8774
0.8446
0.8058
0.8149
0.8134
0.8600
0.8774
0.8774
0.8579
0.8774
0.8774
0.8768
0.8774
0.8638
0.8623
0.8058
0.8774
0.8184
0.8078
0.8774
0.8774
0.8724
0.8181
0.8149
0.8114
0.8256
0.8180
0.8768
0.8513
0.8774
0.8774
0.8774
0.7729
0.8138
0.8539
0.8774
0.8154
0.8651
0.8768
0.8774
0.8774
0.8276
0.8157
0.8774
0.7723
0.8768
0.7729
0.8699
0.8753
0.8774
0.8774
0.8157
0.8768
0.7729
0.7723
0.8276
0.8699
0.8774
0.8157
0.8774
0.8774
0.8699
0.8142
0.8768
0.8157
0.8494
0.8275
0.8774
0.8503
0.8774
0.8774
0.8142
0.8494
0.8699
0.8142
0.8499
0.8503
0.8503
0.8494
0.8774
0.8774
0.8122
0.8699
0.8699
0.8494
0.8594
0.8699
0.8699
0.8547
0.8774
0.8774
0.8494
0.8454
0.8547
0.8547
0.8594
0.8494
0.8502
0.8225
0.8774
0.8774
0.8547
0.8547
0.8764
0.8315
0.8494
0.8225
0.8616
0.8547
0.8774
0.8774
0.8774
0.8774
0.8774
0.8399
0.8774
0.8616
0.8594
0.8774
0.8774
0.8774
0.8724
0.8350
0.8774
0.8399
0.8616
0.8562
0.8774
0.8774
0.8774
0.8774
0.8607
0.8494
0.8774
0.8190
0.8616
0.8215
0.8724
0.8651
0.8774
0.8774
0.8212
0.8215
0.8774
0.8651
0.8616
0.8651
0.8764
0.8184
0.8774
0.8774
0.8649
0.8651
0.8338
0.8494
0.8502
0.8212
0.8768
0.8772
0.8774
0.8774
0.8212
0.8212
0.8772
0.8774
0.8338
0.8338
0.8641
0.8774
0.8774
0.8774
0.8774
0.8639
0.8494
0.8338
0.7667
0.8641
0.8338
0.8641
0.8774
0.8774
0.8774
0.8494
0.8338
0.8338
0.8639
0.8338
0.8338
0.8338
0.8774
0.8774
0.8631
0.8338
0.8320
0.8358
0.8772
0.8251
0.8774
0.8231
0.8774
0.8774
0.8243
0.8774
0.8539
0.8338
0.8774
0.8513
0.8774
0.8774
0.8774
0.8774
0.8280
0.8244
0.8539
0.8774
0.8774
0.8338
0.8774
0.8539
0.8774
0.8774
0.8539
0.8638
0.8724
0.8774
0.8630
0.8774
0.8774
0.8188
0.8774
0.8774
0.8774
0.8772
0.8539
0.8630
0.8539
0.8724
0.8774
0.8630
0.8774
0.8774
0.8613
0.8539
0.8724
0.8613
0.8539
0.8774
0.8377
0.8539
0.8774
0.8774
0.8377
0.8539
0.8539
0.8539
0.8539
0.8539
0.8539
0.7140
0.8774
0.8774
0.8613
0.8774
0.8539
0.8539
0.8377
0.8774
0.8774
0.8377
0.8774
0.8774
0.8774
0.8774
0.8774
0.8226
0.8774
0.8350
0.8387
0.8245
0.8774
0.8774
0.8319
0.8531
0.8774
0.8774
0.8635
0.8774
0.8387
0.8774
0.8774
0.8774
0.8774
0.8774
0.8205
0.8747
0.8632
0.8539
0.8747
0.8129
0.8774
0.8774
0.8391
0.8539
0.7683
0.8568
0.8539
0.8319
0.8774
0.8344
0.8774
0.8774
0.8616
0.8463
0.8251
0.8539
0.8105
0.8774
0.8568
0.7163
0.8774
0.8774
0.7163
0.8774
0.8539
0.8234
0.8774
0.8464
0.7053
0.8774
0.8774
0.8774
0.8464
0.8638
0.8267
0.8464
0.8539
0.8234
0.8513
0.7289
0.8774
0.8774
0.8264
0.8434
0.8774
0.7518
0.8267
0.8464
0.8774
0.8513
0.8774
0.8774
0.8464
0.8774
0.8264
0.8462
0.8231
0.8768
0.8264
0.8350
0.8774
0.8774
0.8412
0.8111
0.8462
0.8464
0.8314
0.8223
0.8350
0.8774
0.8774
0.8774
0.8421
0.8221
0.8111
0.8205
0.8416
0.8459
0.8111
0.8637
0.8774
0.8774
0.8248
0.8084
0.8421
0.8332
0.8129
0.8774
0.8350
0.8412
0.8774
0.8774
0.8597
0.8376
0.8562
0.8147
0.8172
0.8178
0.8774
0.8724
0.8774
0.8774
0.8593
0.8630
0.8774
0.8597
0.8562
0.8774
0.8187
0.8774
0.8774
0.8774
0.8774
0.8513
0.8379
0.8774
0.8597
0.8651
0.8597
0.8393
0.8774
0.8774
0.8597
0.8458
0.8510
0.8645
0.8774
0.8774
0.8562
0.8517
0.8774
0.8774
0.8630
0.8616
0.8464
0.8325
0.8252
0.8175
0.8510
0.8562
0.8774
0.8774
0.8774
0.8562
0.8774
0.8464
0.8513
0.8174
0.8774
0.8506
0.8774
0.8774
0.8171
0.8229
0.8506
0.8562
0.8651
0.8570
0.8772
0.8325
0.8774
0.8774
0.8562
0.8557
0.8537
0.8547
0.8570
0.8407
0.8771
0.8245
0.8774
0.8774
0.8215
0.8537
0.8325
0.8291
0.8632
0.8583
0.8229
0.8023
0.8774
0.8774
0.8774
0.8215
0.8633
0.8756
0.8245
0.8638
0.8407
0.8182
0.8774
0.8774
0.8215
0.8070
0.8774
0.8597
0.8245
0.8215
0.8350
0.8095
0.8774
0.8774
0.8245
0.8434
0.8580
0.8084
0.7347
0.8245
0.8491
0.8539
0.8774
0.8774
0.8434
0.8084
0.7583
0.8638
0.8084
0.8623
0.8215
0.7347
0.8774
0.8774
0.7042
0.8638
0.8638
0.8084
0.8774
0.8774
0.8774
0.8594
0.8774
0.8774
0.8414
0.7584
0.8638
0.8774
0.8539
0.8245
0.6701
0.7042
0.8774
0.8774
0.8774
0.8774
0.8539
0.7584
0.8638
0.8560
0.6998
0.8551
0.8774
0.8774
0.8774
0.8747
0.8774
0.8774
0.8560
0.7350
0.8539
0.8774
0.8774
0.8774
0.8258
0.8774
0.8635
0.8535
0.8520
0.8391
0.8560
0.8458
0.8774
0.8774
0.8724
0.8504
0.8774
0.8635
0.8290
0.8598
0.8294
0.8491
0.8774
0.8774
0.8774
0.8774
0.8340
0.8290
0.8635
0.8633
0.8294
0.8504
0.8774
0.8774
0.8618
0.8769
0.8774
0.8774
0.8425
0.8774
0.8539
0.8580
0.8774
0.8774
0.8504
0.8618
0.8774
0.8377
0.8580
0.8371
0.8774
0.8774
0.8774
0.8774
0.7661
0.8774
0.8504
0.8206
0.8328
0.8630
0.8377
0.8618
0.8774
0.8774
0.8772
0.8377
0.8438
0.8114
0.7688
0.8524
0.7995
0.8377
0.8774
0.8774
0.8046
0.7688
0.8344
0.7682
0.8206
0.8328
0.8539
0.8094
0.8774
0.8774
0.7682
0.8774
0.8030
0.8344
0.8539
0.8206
0.8167
0.8774
0.8774
0.8774
0.8772
0.8774
0.8637
0.7688
0.8167
0.8774
0.8774
0.8474
0.8774
0.8774
0.7664
0.8583
0.8616
0.8774
0.8774
0.8774
0.8774
0.8774
0.8774
0.8774
0.8774
0.8566
0.8774
0.8774
0.8633
0.8774
0.8774
0.8774
0.8774
0.8774
0.8583
0.8635
0.8768
0.8774
0.8774
0.8566
0.8583
0.8651
0.8774
0.8774
0.8377
0.8774
0.8649
0.8571
0.8774
0.8635
0.8774
0.8635
0.8774
0.8774
0.8768
0.8774
0.8774
0.8615
0.8774
0.8571
0.8616
0.8523
0.8774
0.8774
0.8571
0.8631
0.8768
0.8615
0.8477
0.8774
0.8571
0.8594
0.8774
0.8774
0.8464
0.8477
0.8594
0.7650
0.8186
0.8768
0.8514
0.8631
0.8774
0.8774
0.8774
0.8464
0.8768
0.8768
0.8603
0.8631
0.8417
0.8135
0.8774
0.8774
0.8631
0.8631
0.8768
0.8383
0.8603
0.8636
0.8768
0.8464
0.8774
0.8774
0.8594
0.8336
0.8464
0.7642
0.8636
0.8603
0.8630
0.8361
0.8774
0.8774
0.8333
0.8774
0.8644
0.8603
0.8258
0.8362
0.8464
0.8640
0.8774
0.8774
0.8603
0.8774
0.8769
0.8236
0.8640
0.8258
0.8258
0.8258
0.8774
0.8774
0.8236
0.8258
0.8198
0.8655
0.7642
0.8236
0.8258
0.8774
0.8774
0.8774
0.7642
0.8198
0.8411
0.8220
0.8362
0.8411
0.8774
0.8236
0.8774
0.8774
0.8774
0.8411
0.8411
0.8367
0.8220
0.8774
0.8411
0.8220
0.8774
0.8774
0.8367
0.8774
0.7163
0.8367
0.8633
0.8411
0.8391
0.8774
0.8774
0.8774
0.8527
0.8411
0.8774
0.8774
0.8142
0.8583
0.8411
0.8774
0.8774
0.8774
0.8774
0.8774
0.8411
0.8411
0.8774
0.8142
0.8774
0.8142
0.8774
0.8774
0.8411
0.8774
0.8275
0.8774
0.7664
0.8635
0.7658
0.8411
0.8774
0.8774
0.8411
0.8534
0.8228
0.8635
0.8774
0.7664
0.8774
0.8364
0.8774
0.8774
0.7664
0.8774
0.8197
0.8583
0.8534
0.8290
0.8228
0.7664
0.8774
0.8774
0.8633
0.8281
0.8635
0.8214
0.8411
0.8627
0.8464
0.8534
0.8774
0.8774
0.8774
0.8272
0.8390
0.8774
0.8638
0.8208
0.8774
0.8774
0.8774
0.8774
0.8756
0.8272
0.8208
0.8774
0.8621
0.8464
0.8774
0.8208
0.8774
0.8774
0.8464
0.8756
0.8208
0.8208
0.8284
0.8416
0.8588
0.8638
0.8774
0.8774
0.8284
0.8638
0.8587
0.8206
0.8774
0.7688
0.8208
0.8774
0.8774
0.8774
0.8206
0.8208
0.8774
0.8208
0.8284
0.8284
0.8191
0.8747
0.8774
0.8774
0.8464
0.8583
0.8208
0.8248
0.8630
0.8284
0.8284
0.8774
0.8774
0.8774
0.8208
0.8774
0.8284
0.8207
0.8774
0.8774
0.8208
0.8284
0.8774
0.8774
0.8774
0.8774
0.8628
0.8277
0.8411
0.8208
0.8287
0.8208
0.8774
0.8774
0.8628
0.8287
0.8120
0.8774
0.8774
0.8774
0.7642
0.8277
0.8774
0.8774
0.8774
0.8699
0.8774
0.8539
0.8637
0.8774
0.8484
0.8681
0.8774
0.8774
0.8699
0.8774
0.8774
0.8623
0.8774
0.8539
0.8537
0.8774
0.8774
0.8774
0.8633
0.8637
0.8623
0.8633
0.8464
0.8774
0.8774
0.8774
0.8774
0.8774
0.8571
0.8774
0.8623
0.8633
0.8774
0.8633
0.8774
0.8637
0.8774
0.8774
0.8637
0.8633
0.8468
0.8774
0.8774
0.8774
0.8622
0.8630
0.8774
0.8774
0.8637
0.8774
0.8774
0.8633
0.8619
0.8631
0.8120
0.8630
0.8774
0.8774
0.8113
0.8619
0.8114
0.8633
0.8630
0.8637
0.8774
0.8774
0.8774
0.8774
0.8633
0.8774
0.8633
0.8114
0.8774
0.8627
0.8630
0.8630
0.8774
0.8774
0.8114
0.8633
0.8627
0.8114
0.8774
0.8630
0.8774
0.8774
0.8774
0.8774
0.8633
0.8113
0.8621
0.8120
0.8616
0.8724
0.8469
0.8120
0.8774
0.8774
0.8616
0.8724
0.8621
0.7688
0.8527
0.8633
0.8724
0.8616
0.8774
0.8774
0.8774
0.8565
0.8341
0.8616
0.8774
0.8774
0.8468
0.7688
0.8774
0.8774
0.8565
0.8637
0.8630
0.8214
0.8160
0.8724
0.8774
0.8468
0.8774
0.8774
0.8189
0.8724
0.8552
0.8160
0.8774
0.8208
0.8630
0.8160
0.8774
0.8774
0.8630
0.8189
0.7642
0.8620
0.8774
0.8570
0.8160
0.8552
0.8774
0.8774
0.8774
0.8593
0.8367
0.8552
0.7664
0.8552
0.7642
0.8774
0.8774
0.8774
0.8197
0.8552
0.8593
0.8774
0.8593
0.8688
0.8367
0.8774
0.8774
0.8774
0.8197
0.8302
0.8367
0.8768
0.8644
0.8616
0.8639
0.8334
0.8774
0.8774
0.8197
0.8192
0.8464
0.8334
0.8639
0.8514
0.8334
0.8367
0.8774
0.8774
0.8774
0.8587
0.8774
0.8334
0.8334
0.8334
0.8164
0.8164
0.8774
0.8774
0.8587
0.8587
0.8580
0.8367
0.8587
0.8774
0.8367
0.7649
0.8774
0.8774
0.8367
0.8367
0.8587
0.8587
0.8580
0.8587
0.7614
0.8638
0.8774
0.8774
0.8616
0.8123
0.7678
0.7628
0.8513
0.8587
0.7614
0.8578
0.8774
0.8774
0.8578
0.8513
0.8580
0.8121
0.8551
0.8774
0.7621
0.7628
0.8774
0.8774
0.8774
0.8633
0.8651
0.8580
0.8514
0.7628
0.8555
0.8367
0.8774
0.8774
0.8651
0.8472
0.8772
0.8513
0.8633
0.8633
0.8764
0.8367
0.8774
0.8774
0.7163
0.8633
0.8774
0.8102
0.8774
0.8450
0.7634
0.7664
0.8774
0.8774
0.8774
0.8774
0.8377
0.8633
0.8774
0.8645
0.7147
0.8774
0.8774
0.8774
0.8539
0.7147
0.8560
0.7147
0.8774
0.8633
0.8633
0.8377
0.8774
0.8774
0.8539
0.8774
0.8774
0.8318
0.7147
0.8639
0.8220
0.8633
0.8774
0.8774
0.8774
0.8539
0.7158
0.8573
0.8639
0.7181
0.8699
0.8774
0.8774
0.8774
0.8774
0.8639
0.8747
0.7079
0.8708
0.8122
0.8267
0.8637
0.8774
0.8774
0.8629
0.8747
0.8579
0.8774
0.7139
0.8524
0.8630
0.8623
0.8774
0.8774
0.8630
0.7139
0.8774
0.8623
0.7139
0.7123
0.8579
0.8774
0.8774
0.8774
0.7139
0.8774
0.7139
0.8651
0.8637
0.8594
0.7111
0.7139
0.8774
0.8774
0.7091
0.7148
0.8637
0.7139
0.8637
0.8637
0.8774
0.7139
0.8774
0.8774
0.7141
0.8633
0.8637
0.7688
0.8753
0.8616
0.8029
0.8637
0.8774
0.8774
0.7682
0.8774
0.8768
0.7682
0.8616
0.8616
0.8616
0.8616
0.8774
0.8774
0.8486
0.8616
0.8379
0.8616
0.7681
0.8616
0.8616
0.7682
0.8774
0.8774
0.8616
0.8616
0.8602
0.8339
0.8598
0.8602
0.7670
0.8637
0.8774
0.8774
0.8774
0.8602
0.8637
0.8613
0.8616
0.8602
0.8161
0.8633
0.8774
0.8774
0.8613
0.8602
0.8774
0.8774
0.8774
0.8523
0.8597
0.8774
0.8774
0.8774
0.8637
0.8614
0.8562
0.8633
0.8774
0.8774
0.8633
0.8562
0.8774
0.8774
0.8768
0.8523
0.8633
0.8614
0.8724
0.8774
0.8774
0.7163
0.8774
0.8774
0.8664
0.8539
0.8633
0.8245
0.8774
0.8633
0.8768
0.8774
0.8774
0.8774
0.8513
0.7667
0.7686
0.8623
0.7688
0.8539
0.7688
0.8774
0.8774
0.8774
0.7846
0.8482
0.7609
0.8774
0.8774
0.8513
0.7688
0.7717
0.8774
0.8774
0.7443
0.7846
0.8513
0.8774
0.8774
0.7603
0.7688
0.7688
0.8774
0.8774
0.7498
0.7512
0.7163
0.8529
0.7603
0.7605
0.8513
0.7443
0.8774
0.8774
0.7640
0.8410
0.7498
0.7512
0.8513
0.8529
0.8747
0.7605
0.8774
0.8774
0.8505
0.8774
0.8358
0.7640
0.8427
0.8638
0.7512
0.7498
0.8774
0.8774
0.8295
0.7497
0.7526
0.8505
0.8638
0.8774
0.8440
0.7642
0.8774
0.8774
0.7644
0.8244
0.8630
0.7526
0.8436
0.7642
0.8769
0.8638
0.8774
0.8774
0.7526
0.8774
0.8616
0.8595
0.7930
0.8638
0.8338
0.7634
0.8774
0.8774
0.8633
0.8595
0.7634
0.8747
0.8236
0.7641
0.8378
0.8747
0.8774
0.8774
0.7644
0.8633
0.8378
0.8774
0.8208
0.8378
0.8299
0.8601
0.8774
0.8774
0.8278
0.8522
0.8355
0.8614
0.8522
0.8480
0.8633
0.8381
0.8774
0.8774
0.7642
0.8345
0.8747
0.8381
0.8524
0.8278
0.8522
0.8480
0.8774
0.8774
0.8480
0.8480
0.8345
0.8381
0.8601
0.8245
0.7963
0.8410
0.8774
0.8774
0.8628
0.8301
0.7539
0.8562
0.8381
0.8631
0.8774
0.7963
0.8774
0.8774
0.8381
0.8381
0.7963
0.8562
0.8773
0.8622
0.8301
0.8181
0.8774
0.8774
0.7826
0.8521
0.8358
0.8202
0.8622
0.8562
0.8773
0.8622
0.8774
0.8774
0.8774
0.8562
0.8631
0.8772
0.8391
0.8476
0.8748
0.8521
0.8774
0.8774
0.8351
0.8522
0.8747
0.8411
0.8558
0.8474
0.8774
0.8391
0.8774
0.8774
0.8774
0.8346
0.8351
0.8522
0.8522
0.8774
0.8411
0.8485
0.8774
0.8774
0.8411
0.8485
0.8633
0.8391
0.8630
0.8774
0.8774
0.8522
0.8774
0.8774
0.8774
0.8774
0.8774
0.8200
0.8633
0.8485
0.8485
0.8773
0.8774
0.8774
0.8562
0.8430
0.8615
0.8769
0.8200
0.8774
0.7667
0.8200
0.8774
0.8774
0.8769
0.8773
0.8599
0.8381
0.8562
0.8638
0.7889
0.8766
0.8774
0.8774
0.8633
0.7147
0.8616
0.8584
0.8638
0.7664
0.7162
0.8562
0.8774
0.8774
0.8774
0.8774
0.7162
0.7877
0.8638
0.8774
0.8606
0.7652
0.8774
0.8774
0.8594
0.7652
0.8774
0.8774
0.8774
0.8569
0.8350
0.7664
0.8774
0.8774
0.7664
0.8518
0.8569
0.8287
0.8243
0.7664
0.8350
0.8616
0.8774
0.8774
0.8638
0.8257
0.7664
0.8616
0.8350
0.8518
0.8029
0.8402
0.8774
0.8774
0.8630
0.8029
0.8638
0.8518
0.8431
0.8028
0.8616
0.8235
0.8774
0.8774
0.8630
0.8431
0.8431
0.8518
0.8189
0.8580
0.8029
0.8638
0.8774
0.8774
0.8217
0.8618
0.8554
0.8431
0.8638
0.8495
0.8319
0.8029
0.8774
0.8774
0.8350
0.7652
0.8554
0.8384
0.8212
0.8554
0.7664
0.8286
0.8774
0.8774
0.8774
0.7652
0.8774
0.8554
0.7652
0.8360
0.7664
0.7652
0.8774
0.8774
0.8774
0.8774
0.8554
0.8774
0.8653
0.8339
0.8774
0.8774
0.8774
0.8774
0.8774
0.8774
0.8774
0.8774
0.8651
0.8377
0.8772
0.8554
0.8774
0.8774
0.8774
0.8350
0.8387
0.8628
0.8772
0.8774
0.8774
0.8774
0.8774
0.8774
0.8774
0.8774
0.8774
0.8774
0.8502
0.8386
0.8387
0.8774
0.8774
0.8774
0.8615
0.8387
0.8774
0.8502
0.8535
0.8160
0.8774
0.8630
0.8774
0.8774
0.8160
0.8774
0.8616
0.8756
0.7065
0.8596
0.8502
0.8774
0.8774
0.8774
0.8499
0.7029
0.8387
0.8061
0.8376
0.8616
0.8492
0.8513
0.8774
0.8774
0.8492
0.8499
0.8552
0.8616
0.8616
0.8616
0.8387
0.7029
0.8774
0.8774
0.8495
0.8615
0.8774
0.8405
0.8499
0.8774
0.8387
0.8616
0.8774
0.8774
0.8616
0.8774
0.8499
0.8405
0.8409
0.8774
0.8699
0.8583
0.8774
0.8774
0.8205
0.8639
0.8774
0.8214
0.8405
0.8405
0.8525
0.8405
0.8774
0.8774
0.8424
0.8212
0.8405
0.8405
0.8350
0.8756
0.8445
0.8409
0.8774
0.8774
0.8405
0.8350
0.8350
0.8212
0.8214
0.8420
0.8756
0.8445
0.8774
0.8774
0.8630
0.8420
0.8522
0.8047
0.8409
0.8165
0.8405
0.8212
0.8774
0.8774
0.8503
0.8019
0.8402
0.8409
0.8165
0.8502
0.8047
0.7688
0.8774
0.8774
0.8630
0.8061
0.8128
0.8128
0.8383
0.8062
0.7996
0.8616
0.8774
0.8774
0.8447
0.7672
0.8774
0.8774
0.8007
0.8503
0.8774
0.8128
0.8774
0.8774
0.8454
0.8623
0.8503
0.8468
0.8774
0.8350
0.7664
0.8022
0.8774
0.8774
0.8022
0.8350
0.8584
0.8638
0.8639
0.8019
0.8351
0.8468
0.8774
0.8774
0.7613
0.8503
0.8774
0.8774
0.8019
0.8022
0.8369
0.8023
0.8774
0.8774
0.8182
0.8008
0.8774
0.8774
0.8172
0.7613
0.7613
0.8774
0.8774
0.8774
0.8182
0.8774
0.8768
0.7613
0.8182
0.8756
0.8774
0.8774
0.8774
0.8774
0.8769
0.8774
0.8774
0.8774
0.8768
0.8768
0.8774
0.8774
0.8774
0.8774
0.8724
0.8774
0.8774
0.8761
0.7688
0.8769
0.8774
0.8774
0.8774
0.8774
0.8774
0.8774
0.8774
0.8747
0.8774
0.8774
0.8761
0.8651
0.8774
0.8774
0.8774
0.8774
0.8768
0.8029
0.8774
0.8774
0.8774
0.8774
0.8774
0.8774
0.8774
0.8560
0.8768
0.8028
0.8774
0.8503
0.8768
0.8513
0.8774
0.8774
0.8502
0.8768
0.8774
0.8028
0.8768
0.8774
0.8768
0.8774
0.8774
0.8774
0.8774
0.8503
0.8768
0.8768
0.8587
0.8411
0.8502
0.8769
0.8774
0.8774
0.8584
0.8774
0.8774
0.8768
0.8411
0.8773
0.7664
0.8651
0.8774
0.8774
0.8642
0.8180
0.7664
0.8584
0.8768
0.8633
0.8774
0.8411
0.8774
0.8774
0.8630
0.8424
0.8630
0.8768
0.8411
0.8406
0.8269
0.8622
0.8774
0.8774
0.8187
0.8774
0.8269
0.8391
0.8516
0.8630
0.8269
0.8269
0.8774
0.8774
0.8630
0.8269
0.8538
0.8560
0.8187
0.8630
0.8774
0.8175
0.8774
0.8774
0.8120
0.8175
0.8774
0.8630
0.8269
0.8172
0.8560
0.8538
0.8774
0.8774
0.8120
0.8774
0.8594
0.8160
0.7642
0.8344
0.8576
0.8175
0.8774
0.8774
0.8633
0.8594
0.8576
0.8576
0.8124
0.8774
0.8513
0.8269
0.8774
0.8774
0.8027
0.8590
0.8594
0.8514
0.8774
0.8774
0.8551
0.8699
0.8774
0.8774
0.8774
0.8514
0.8598
0.8569
0.8163
0.8699
0.8026
0.8768
0.8774
0.8774
0.8774
0.8753
0.8594
0.8774
0.8163
0.8774
0.8350
0.8634
0.8774
0.8774
0.8350
0.8774
0.8594
0.8753
0.8774
0.8594
0.8774
0.8774
0.8774
0.8774
0.8616
0.8774
0.8753
0.8774
0.8774
0.8774
0.8350
0.8774
0.8774
0.8774
0.8350
0.8774
0.8616
0.8753
0.8774
0.8774
0.8774
0.8651
0.8774
0.8774
0.8633
0.8753
0.8774
0.8642
0.8166
0.8774
0.8558
0.7688
0.8774
0.8774
0.7688
0.8753
0.8774
0.8753
0.7741
0.8774
0.8642
0.8558
0.8774
0.8774
0.8768
0.8773
0.8753
0.7695
0.8753
0.8370
0.8774
0.8753
0.8774
0.8774
0.7741
0.8502
0.8773
0.8773
0.8539
0.8772
0.8640
0.8753
0.8774
0.8774
0.8639
0.8753
0.8464
0.8470
0.8768
0.8635
0.7688
0.8773
0.8774
0.8774
0.8637
0.8639
0.7689
0.8773
0.8639
0.8445
0.8774
0.8440
0.8774
0.8774
0.8633
0.8245
0.8773
0.8444
0.8639
0.8633
0.7685
0.8148
0.8774
0.8774
0.8773
0.8774
0.8774
0.8627
0.8444
0.8639
0.8141
0.7688
0.8774
0.8774
0.8434
0.8438
0.8774
0.8014
0.8639
0.8774
0.8513
0.7688
0.8774
0.8774
0.8464
0.8639
0.7695
0.8772
0.8513
0.8774
0.8217
0.8438
0.8774
0.8774
0.8338
0.8177
0.8513
0.7695
0.7695
0.8466
0.8384
0.8774
0.8774
0.8774
0.8281
0.8348
0.8466
0.8177
0.8530
0.8217
0.8651
0.8274
0.8774
0.8774
0.7642
0.8206
0.8530
0.8274
0.8464
0.8564
0.8466
0.8774
0.8774
0.8774
0.8774
0.8411
0.7651
0.8181
0.8699
0.8464
0.8205
0.7642
0.8774
0.8774
0.8153
0.8257
0.8350
0.8425
0.8772
0.8234
0.8594
0.8296
0.8774
0.8774
0.8769
0.8257
0.8320
0.8181
0.8257
0.8350
0.8774
0.8257
0.8774
0.8774
0.8616
0.8148
0.8411
0.8583
0.8250
0.8367
0.8587
0.8054
0.8774
0.8774
0.8052
0.8769
0.8197
0.8616
0.8350
0.8250
0.8250
0.8630
0.8774
0.8774
0.8209
0.8583
0.8218
0.8583
0.8120
0.8270
0.8769
0.8774
0.8774
0.8774
0.8267
0.8583
0.8774
0.8583
0.8120
0.8120
0.8772
0.8577
0.8774
0.8774
0.8248
0.8583
0.8635
0.8583
0.8583
0.8118
0.8583
0.8772
0.8774
0.8774
0.8772
0.8635
0.8120
0.8724
0.8387
0.8583
0.8583
0.8583
0.8774
0.8774
0.8583
0.8724
0.8592
0.8344
0.8774
0.8583
0.8583
0.8583
0.8774
0.8774
0.8633
0.8583
0.8279
0.8774
0.8724
0.8774
0.8577
0.8774
0.8774
0.8774
0.8724
0.8724
0.8630
0.8632
0.8583
0.8724
0.8638
0.8774
0.8774
0.8774
0.8774
0.8630
0.7163
0.8774
0.8630
0.8637
0.8638
0.8774
0.8774
0.8774
0.8621
0.8774
0.8774
0.8619
0.8774
0.8630
0.8638
0.8774
0.8774
0.8774
0.8774
0.8774
0.8774
0.8774
0.8774
0.8638
0.8621
0.8621
0.8774
0.8774
0.8630
0.8638
0.7642
0.8774
0.8774
0.8774
0.8774
0.8638
0.8774
0.8774
0.8638
0.8638
0.8774
0.8774
0.8635
0.8774
0.7642
0.8633
0.8774
0.8774
0.8774
0.8774
0.8523
0.8774
0.8638
0.8638
0.8466
0.8774
0.8774
0.8774
0.8774
0.8774
0.8774
0.8774
0.8633
0.8555
0.8466
0.8635
0.8774
0.8774
0.8519
0.8631
0.8216
0.8466
0.8539
0.8395
0.8774
0.8774
0.8774
0.8774
0.8622
0.8774
0.8395
0.8774
0.8614
0.8774
0.8774
0.8433
0.8774
0.8774
0.8774
0.7163
0.8628
0.8539
0.8639
0.8768
0.7135
0.8630
0.8774
0.8774
0.8630
0.7102
0.8651
0.8569
0.7135
0.7065
0.7163
0.8614
0.8774
0.8774
0.7135
0.8774
0.8774
0.8635
0.7642
0.8613
0.8340
0.7132
0.8774
0.8774
0.8630
0.8623
0.8340
0.8774
0.8613
0.8340
0.8774
0.8774
0.8774
0.8774
0.7139
0.8234
0.8340
0.8774
0.8613
0.8613
0.8774
0.8613
0.8774
0.8774
0.8594
0.8014
0.8282
0.8462
0.8774
0.8613
0.8213
0.8623
0.8774
0.8774
0.8630
0.8266
0.8774
0.8529
0.8282
0.8282
0.8630
0.8613
0.8774
0.8774
0.8282
0.8266
0.8027
0.8630
0.8529
0.8526
0.8204
0.8529
0.8774
0.8774
0.8212
0.8266
0.8471
0.8266
0.8529
0.8027
0.8021
0.8774
0.8774
0.8774
0.8464
0.8594
0.8403
0.8225
0.8529
0.8212
0.8313
0.8472
0.8774
0.8774
0.8472
0.8346
0.8233
0.8618
0.8404
0.8331
0.8431
0.8594
0.8774
0.8774
0.8618
0.8583
0.8404
0.8774
0.8205
0.8437
0.8431
0.8774
0.8774
0.8774
0.8538
0.8088
0.8402
0.8207
0.8472
0.8618
0.8461
0.8472
0.8774
0.8774
0.8513
0.8101
0.8544
0.8516
0.8538
0.8594
0.8618
0.8211
0.8774
0.8774
0.8699
0.8594
0.8082
0.8628
0.8054
0.8476
0.8077
0.8774
0.8774
0.8774
0.8774
0.8774
0.8637
0.8513
0.8593
0.8594
0.8633
0.8077
0.8774
0.8774
0.8774
0.8774
0.8774
0.8637
0.8456
0.8774
0.8774
0.8774
0.8774
0.8774
0.8562
0.8774
0.8774
0.8774
0.7729
0.8628
0.8774
0.8774
0.8774
0.8774
0.8774
0.8391
0.8774
0.8774
0.8631
0.8464
0.8774
0.7729
0.8774
0.8774
0.8774
0.8774
0.8175
0.8422
0.8774
0.8774
0.7724
0.8774
0.8774
0.8774
0.8120
0.8361
0.8774
0.8391
0.8774
0.8774
0.8774
0.8377
0.8774
0.8774
0.7667
0.8774
0.8633
0.8774
0.8113
0.8774
0.8120
0.8513
0.8774
0.8774
0.8513
0.8651
0.8587
0.8114
0.8113
0.8774
0.8513
0.8774
0.8774
0.8774
0.8774
0.8513
0.8774
0.8774
0.8513
0.8513
0.8774
0.8108
0.8774
0.8774
0.8513
0.8113
0.8774
0.8513
0.8108
0.8108
0.8571
0.8513
0.8774
0.8774
0.8513
0.8774
0.8108
0.8444
0.8108
0.8513
0.8774
0.8774
0.8774
0.8774
0.8772
0.8639
0.8774
0.8444
0.8774
0.8513
0.8774
0.8774
0.8774
0.8774
0.8774
0.8539
0.8630
0.8774
0.8223
0.8377
0.8774
0.7667
0.8774
0.8774
0.8539
0.8314
0.8630
0.8774
0.8756
0.8756
0.8774
0.8630
0.8774
0.8774
0.8538
0.8630
0.8350
0.8113
0.8774
0.8386
0.8635
0.8774
0.8774
0.8774
0.8513
0.8630
0.8774
0.8774
0.8773
0.8350
0.8774
0.8630
0.8774
0.8774
0.8774
0.8774
0.8774
0.8773
0.8357
0.8772
0.8773
0.8774
0.8774
0.8774
0.8774
0.8773
0.8774
0.8774
0.8357
0.8766
0.8357
0.8411
0.8774
0.8774
0.8774
0.8773
0.8357
0.8329
0.8773
0.7163
0.8378
0.8774
0.8774
0.8774
0.8747
0.8466
0.8514
0.8378
0.8411
0.8304
0.8773
0.8378
0.8774
0.8774
0.8344
0.8774
0.8377
0.8773
0.8445
0.8244
0.8774
0.8747
0.8774
0.8774
0.8774
0.8205
0.8287
0.7667
0.8774
0.8244
0.8774
0.8773
0.8774
0.8774
0.8774
0.8774
0.8774
0.8551
0.8205
0.8200
0.8225
0.8774
0.8774
0.8774
0.7642
0.8631
0.8631
0.8205
0.7683
0.7667
0.8615
0.8414
0.8774
0.8774
0.8631
0.8631
0.8393
0.8377
0.8463
0.8613
0.8205
0.7163
0.8774
0.8774
0.8613
0.8631
0.8334
0.8155
0.8774
0.8631
0.7136
0.8774
0.8774
0.8774
0.8774
0.7698
0.8774
0.8774
0.8445
0.8362
0.8334
0.8613
0.8774
0.8774
0.8202
0.8630
0.8774
0.8334
0.8613
0.8630
0.8774
0.8774
0.8774
0.8774
0.8774
0.8774
0.8257
0.8200
0.8206
0.8513
0.8774
0.8630
0.8774
0.8774
0.8774
0.8774
0.8587
0.8774
0.8772
0.8061
0.8209
0.8630
0.8774
0.8774
0.8774
0.8630
0.8774
0.8774
0.8774
0.8774
0.8774
0.8630
0.8774
0.8774
0.8774
0.8630
0.8774
0.8774
0.8774
0.8774
0.8631
0.8609
0.8774
0.8774
0.8288
0.8774
0.8774
0.8513
0.8774
0.8630
0.8774
0.8333
0.8774
0.8774
0.7664
0.8774
0.8307
0.8628
0.8513
0.8288
0.8233
0.8774
0.8774
0.8774
0.8288
0.8774
0.7163
0.8349
0.8774
0.8773
0.8628
0.7664
0.8774
0.8774
0.8774
0.7163
0.8601
0.8464
0.7664
0.8583
0.8288
0.7663
0.8774
0.8774
0.8604
0.8564
0.8464
0.8288
0.8756
0.7656
0.7163
0.7163
0.8774
0.8774
0.8605
0.7127
0.8774
0.8774
0.8464
0.8586
0.8756
0.8774
0.8774
0.8774
0.8774
0.8756
0.8772
0.8774
0.8633
0.8198
0.8774
0.8774
0.8774
0.8774
0.8464
0.8464
0.8774
0.8633
0.8029
0.8772
0.8774
0.8768
0.8774
0.8774
0.7518
0.8631
0.8774
0.8418
0.8774
0.7688
0.8774
0.8633
0.8774
0.8774
0.8617
0.8747
0.8631
0.8366
0.8774
0.7688
0.8774
0.8774
0.8774
0.8774
0.8774
0.8403
0.8772
0.8614
0.8631
0.7683
0.7688
0.8774
0.8774
0.8774
0.8350
0.8774
0.8629
0.8663
0.8622
0.8633
0.8774
0.8774
0.8774
0.8774
0.8769
0.8774
0.8774
0.8633
0.8350
0.8630
0.8629
0.8573
0.8774
0.8774
0.8623
0.8630
0.8315
0.8629
0.8612
0.8573
0.8774
0.8586
0.8774
0.8774
0.8774
0.8573
0.8544
0.8630
0.8587
0.8630
0.8774
0.7163
0.8774
0.8774
0.8358
0.8573
0.8633
0.8594
0.8630
0.8630
0.7080
0.7667
0.8774
0.8774
0.8278
0.7642
0.8630
0.8365
0.8334
0.8358
0.8633
0.8630
0.8774
0.8774
0.8334
0.8303
0.8345
0.8774
0.8447
0.8301
0.8774
0.7642
0.8774
0.8774
0.8774
0.8345
0.8774
0.8774
0.8699
0.8774
0.7642
0.8447
0.8774
0.8774
0.8342
0.8774
0.8774
0.8774
0.8566
0.8774
0.8345
0.8774
0.8774
0.8774
0.8774
0.8774
0.8774
0.8774
0.7664
0.8774
0.8345
0.8774
0.8774
0.8774
0.7163
0.7642
0.8774
0.7655
0.8774
0.8774
0.8774
0.8774
0.8774
0.8774
0.8774
0.7144
0.7642
0.8571
0.8774
0.7642
0.8774
0.8774
0.8774
0.8774
0.7642
0.8774
0.8774
0.8774
0.8638
0.7163
0.8774
0.7642
0.8774
0.8774
0.8774
0.8502
0.8769
0.7642
0.7163
0.7688
0.7163
0.8774
0.8774
0.8774
0.8774
0.8774
0.7116
0.7163
0.7085
0.8774
0.8774
0.8487
0.8774
0.8774
0.7163
0.8774
0.7162
0.8583
0.8513
0.8487
0.8774
0.7163
0.8774
0.8774
0.8513
0.8630
0.7735
0.8724
0.8774
0.8774
0.7162
0.7289
0.8774
0.8774
0.8724
0.8774
0.8774
0.8774
0.8514
0.8630
0.7695
0.8774
0.8774
0.8774
0.7695
0.8616
0.8774
0.8774
0.8724
0.7691
0.8724
0.8774
0.8774
0.8774
0.8186
0.8630
0.8630
0.8539
0.7690
0.8198
0.8724
0.8774
0.8774
0.8774
0.8630
0.7695
0.8639
0.8724
0.8774
0.8539
0.8630
0.8610
0.8774
0.8774
0.8416
0.8724
0.8539
0.8607
0.8591
0.7642
0.8443
0.8630
0.8774
0.8774
0.8630
0.7644
0.8581
0.8630
0.8774
0.8369
0.8607
0.8724
0.8774
0.8774
0.8724
0.8774
0.8607
0.8369
0.7642
0.8591
0.8630
0.8625
0.8774
0.8774
0.8774
0.8651
0.7613
0.8539
0.8591
0.8724
0.8369
0.8753
0.8774
0.8774
0.8753
0.8491
0.8574
0.8363
0.8774
0.8640
0.8369
0.8774
0.8774
0.8774
0.8774
0.8369
0.8774
0.8630
0.8491
0.8774
0.8258
0.8774
0.8774
0.8774
0.8774
0.8774
0.8614
0.8365
0.8637
0.8539
0.8774
0.8350
0.8774
0.8774
0.8774
0.8774
0.8196
0.8774
0.8774
0.8539
0.8774
0.8774
0.8774
0.8774
0.8628
0.8774
0.8539
0.8774
0.8637
0.8774
0.8539
0.8774
0.8774
0.8774
0.8637
0.8594
0.8539
0.8774
0.8774
0.8773
0.8772
0.8539
0.8774
0.8774
0.8774
0.8594
0.8774
0.8539
0.8774
0.8772
0.8539
0.8774
0.8774
0.8774
0.7688
0.8407
0.8772
0.8774
0.8774
0.8458
0.8573
0.8768
0.8774
0.8774
0.8633
0.8594
0.8774
0.8562
0.8560
0.8407
0.8774
0.8029
0.8774
0.8774
0.8483
0.8774
0.8524
0.8773
0.8029
0.8582
0.8464
0.8633
0.8774
0.8774
0.8774
0.8774
0.8774
0.8524
0.8772
0.8774
0.7999
0.8769
0.8774
0.8774
0.8774
0.8633
0.8651
0.7999
0.8639
0.8774
0.8774
0.7998
0.8774
0.8774
0.8591
0.8651
0.8769
0.8639
0.8633
0.8377
0.8639
0.8773
0.8774
0.8774
0.8591
0.8630
0.8639
0.8595
0.8644
0.8773
0.8756
0.8483
0.8774
0.8774
0.8595
0.8774
0.8774
0.8302
0.8637
0.8609
0.8651
0.8631
0.8774
0.8774
0.8129
0.8633
0.8637
0.8774
0.8595
0.8774
0.8651
0.8768
0.8774
0.8774
0.8756
0.8476
0.8774
0.8637
0.8120
0.8566
0.8774
0.8633
0.8774
0.8774
0.8527
0.8387
0.8637
0.8622
0.8120
0.8120
0.8476
0.8633
0.8774
0.8774
0.8637
0.8628
0.8774
0.8535
0.8622
0.8476
0.8353
0.8774
0.8774
0.8774
0.8604
0.8774
0.8774
0.8772
0.8774
0.8617
0.8633
0.8639
0.8774
0.8774
0.7163
0.8774
0.8633
0.8509
0.8774
0.8774
0.8639
0.8774
0.8774
0.8774
0.8774
0.8774
0.8724
0.8774
0.8774
0.8628
0.8604
0.8594
0.8774
0.8774
0.8774
0.8724
0.8769
0.8604
0.8725
0.8769
0.8594
0.8774
0.8774
0.8774
0.8604
0.8774
0.8724
0.8768
0.8639
0.8769
0.8774
0.8539
0.8774
0.8774
0.8615
0.8552
0.8120
0.8769
0.8773
0.8769
0.8520
0.8774
0.8774
0.8774
0.8748
0.8769
0.8769
0.8568
0.8773
0.8630
0.8120
0.8769
0.8774
0.8774
0.8774
0.8633
0.8774
0.8112
0.8601
0.8552
0.8568
0.8774
0.8774
0.8774
0.8602
0.8633
0.8774
0.8552
0.8597
0.8768
0.8165
0.8330
0.8774
0.8774
0.8564
0.8660
0.8565
0.8391
0.8597
0.8387
0.8768
0.8157
0.8774
0.8774
0.8597
0.8769
0.8526
0.8587
0.8583
0.8601
0.8388
0.8753
0.8774
0.8774
0.8769
0.8557
0.8526
0.8602
0.8635
0.8153
0.8597
0.8769
0.8774
0.8774
0.8526
0.8153
0.8591
0.8575
0.8597
0.8769
0.8153
0.8557
0.8774
0.8774
0.8575
0.8245
0.8153
0.8633
0.8526
0.8143
0.8557
0.8222
0.8774
0.8774
0.8557
0.8460
0.8459
0.8769
0.8575
0.8180
0.8180
0.8557
0.8774
0.8774
0.8774
0.8166
0.8459
0.8459
0.8769
0.8774
0.8583
0.8651
0.8774
0.8774
0.7642
0.8329
0.7670
0.8774
0.8535
0.8557
0.8029
0.8774
0.8774
0.8774
0.8221
0.8190
0.8774
0.7642
0.8287
0.8535
0.8618
0.8651
0.8774
0.8774
0.8287
0.8774
0.7717
0.8271
0.8436
0.8774
0.7717
0.8774
0.8774
0.8774
0.8774
0.8774
0.8347
0.7773
0.7683
0.8651
0.7717
0.7970
0.8774
0.8774
0.7975
0.8651
0.7955
0.8769
0.7688
0.8473
0.7688
0.8635
0.8774
0.8774
0.8513
0.8651
0.8651
0.8473
0.7755
0.8189
0.8405
0.8169
0.8774
0.8774
0.8513
0.8651
0.8651
0.8769
0.8651
0.8651
0.8513
0.7755
0.8774
0.8774
0.8377
0.8513
0.8651
0.8651
0.7679
0.8650
0.7670
0.8774
0.8774
0.8774
0.7679
0.8558
0.8651
0.8350
0.8651
0.7666
0.8651
0.8651
0.8774
0.8774
0.8632
0.7679
0.8391
0.8772
0.8656
0.8318
0.8772
0.8651
0.8774
0.8774
0.8772
0.8391
0.8379
0.8774
0.8632
0.8632
0.8969
0.8774
0.8969
0.8774
0.8224
0.8774
0.8391
0.8385
0.8379
0.8774
0.8774
0.8774
0.8969
0.8774
0.8424
0.8211
0.8580
0.8348
0.8623
0.8774
0.8774
0.8391
0.8969
0.8774
0.8588
0.8641
0.8391
0.8245
0.8424
0.8213
0.8424
0.8761
0.8969
0.8774
0.8588
0.8424
0.8337
0.8222
0.8245
0.8641
0.8632
0.8198
0.8969
0.8774
0.7679
0.8117
0.8651
0.8455
0.8198
0.8534
0.8188
0.8424
0.8969
0.8774
0.8680
0.8588
0.8173
0.8276
0.8523
0.8605
0.8774
0.8774
0.8969
0.8774
0.8588
0.8969
0.8464
0.8680
0.8680
0.8605
0.8774
0.8276
0.8969
0.8969
0.8630
0.8276
0.8200
0.8433
0.8218
0.8969
0.8680
0.8680
0.8969
0.8969
0.8525
0.7679
0.7679
0.8525
0.7197
0.8969
0.8424
0.8339
0.8969
0.8969
0.8969
0.7241
0.8455
0.7679
0.8293
0.7679
0.8969
0.7679
0.8969
0.8969
0.7787
0.8588
0.8424
0.8969
0.7679
0.8447
0.8505
0.7679
0.8969
0.8969
0.7679
0.7679
0.8424
0.8888
0.8023
0.8448
0.8602
0.8250
0.8969
0.8969
0.8021
0.8447
0.8969
0.9140
0.8448
0.8023
0.7679
0.8969
0.9140
0.8969
0.8969
0.8969
0.8969
0.8448
0.8447
0.8023
0.8021
0.7679
0.9140
