0.7317
0.7435
0.8029
0.7467
0.7433
0.8072
0.8024
0.7653
0.8009
0.7499
0.8072
0.8029
0.7659
0.8031
0.7255
0.7367
0.7383
0.7298
0.7668
0.8019
0.8072
0.8031
0.7227
0.8081
0.7227
0.8081
0.7676
0.7550
0.8023
0.7493
0.8081
0.8081
0.7543
0.7290
0.7259
0.8019
0.7547
0.7421
0.8025
0.8088
0.8088
0.8081
0.7259
0.8081
0.7489
0.7536
0.7447
0.8010
0.8027
0.8086
0.8088
0.8086
0.8027
0.8027
0.8013
0.8086
0.7536
0.7536
0.8088
0.8010
0.8088
0.8088
0.8008
0.7567
0.8088
0.8086
0.8023
0.8074
0.8061
0.8031
0.8088
0.8088
0.8088
0.7553
0.8088
0.8088
0.8088
0.8074
0.8074
0.8062
0.8088
0.8088
0.8088
0.8062
0.8075
0.8062
0.8088
0.8089
0.8074
0.8063
0.8089
0.8088
0.8030
0.7693
0.8075
0.8075
0.8089
0.8088
0.8074
0.8084
0.8089
0.8089
0.8084
0.8089
0.8088
0.7693
0.8075
0.8075
0.7693
0.8075
0.8089
0.8089
0.8088
0.8088
0.8087
0.8089
0.8061
0.8087
0.8089
0.8089
0.8089
0.8089
0.8086
0.8089
0.8089
0.8086
0.8089
0.8088
0.8029
0.8089
0.8089
0.8089
0.8087
0.8088
0.8087
0.8086
0.8030
0.8084
0.8088
0.8090
0.8090
0.8089
0.8086
0.8031
0.8088
0.8087
0.8088
0.8030
0.8088
0.8090
0.8090
0.8090
0.8090
0.8088
0.8088
0.8088
0.8086
0.8088
0.8088
0.8089
0.8090
0.8090
0.8088
0.8089
0.8088
0.8089
0.8088
0.8085
0.8088
0.8088
0.8090
0.8090
0.8085
0.8088
0.8089
0.8030
0.8092
0.8088
0.8088
0.8090
0.8092
0.8090
0.8088
0.8086
0.8029
0.8089
0.8088
0.8097
0.8090
0.8088
0.8097
0.8092
0.8086
0.8088
0.8092
0.8088
0.8090
0.8097
0.8090
0.8088
0.8097
0.8097
0.8093
0.8112
0.8097
0.8090
0.8088
0.8092
0.8092
0.8086
0.8112
0.8097
0.8088
0.8086
0.8090
0.8097
0.8112
0.8090
0.8092
0.8093
0.8112
0.8112
0.8090
0.8112
0.8093
0.8097
0.8092
0.8086
0.8112
0.8093
0.8112
0.8112
0.8112
0.8154
0.8086
0.8112
0.8094
0.8088
0.8112
0.8091
0.8154
0.8112
0.8093
0.8102
0.8155
0.8092
0.8106
0.8090
0.8154
0.8103
0.8155
0.8154
0.8093
0.8093
0.8155
0.8154
0.8112
0.8118
0.8154
0.8112
0.8155
0.8155
0.8118
0.8085
0.8150
0.8035
0.8155
0.8112
0.8101
0.8154
0.8155
0.8155
0.8166
0.8112
0.8118
0.8087
0.8155
0.8159
0.8154
0.8160
0.8166
0.8160
0.8160
0.8155
0.8166
0.8083
0.8155
0.8160
0.8118
0.8085
0.8166
0.8166
0.8083
0.8174
0.8160
0.8155
0.8118
0.8028
0.8118
0.8118
0.8174
0.8166
0.8155
0.8154
0.8174
0.8166
0.8174
0.8118
0.8107
0.8118
0.8174
0.8174
0.8118
0.8107
0.8086
0.8166
0.8174
0.8118
0.8140
0.8118
0.8174
0.8174
0.8166
0.8121
0.8099
0.8191
0.8141
0.8122
0.8118
0.8178
0.8191
0.8178
0.8099
0.8141
0.8191
0.8118
0.8174
0.8174
0.8163
0.8191
0.8191
0.8191
0.8174
0.8174
0.8175
0.8197
0.8174
0.8166
0.8174
0.8141
0.8197
0.8191
0.8161
0.8198
0.8174
0.8158
0.8174
0.8174
0.8197
0.8191
0.8198
0.8197
0.8158
0.8132
0.8172
0.8161
0.8170
0.8178
0.8191
0.8198
0.8198
0.8198
0.8200
0.8177
0.8174
0.8193
0.8198
0.8158
0.8161
0.8198
0.8200
0.8198
0.8195
0.8178
0.8196
0.8198
0.8197
0.8176
0.8193
0.8118
0.8200
0.8198
0.8196
0.8199
0.8198
0.8196
0.8203
0.8165
0.8197
0.8197
0.8203
0.8200
0.8193
0.8203
0.8201
0.8198
0.8174
0.8029
0.8200
0.8197
0.8203
0.8203
0.8195
0.8193
0.8198
0.8199
0.8199
0.8202
0.8201
0.8202
0.8203
0.8203
0.8199
0.8202
0.8199
0.8202
0.8199
0.8202
0.8204
0.8193
0.8204
0.8203
0.8178
0.8193
0.8175
0.8202
0.8203
0.8204
0.8049
0.8199
0.8204
0.8204
0.8203
0.8203
0.8201
0.8053
0.8204
0.8203
0.8203
0.8202
0.8204
0.8204
0.8204
0.8203
0.8053
0.8203
0.8203
0.8203
0.8203
0.8203
0.8204
0.8204
0.8206
0.8201
0.8204
0.8203
0.8203
0.8203
0.8203
0.8204
0.8206
0.8204
0.8204
0.8203
0.8203
0.8201
0.8203
0.8210
0.8204
0.8203
0.8210
0.8206
0.8204
0.8201
0.8202
0.8205
0.8206
0.8203
0.8203
0.8181
0.8210
0.8206
0.8206
0.8203
0.8203
0.8204
0.8204
0.8206
0.8054
0.8204
0.8210
0.8206
0.8204
0.8206
0.8204
0.8204
0.8210
0.8206
0.8203
0.8210
0.8210
0.8210
0.8210
0.8206
0.8204
0.8206
0.8205
0.8204
0.8206
0.8210
0.8210
0.8210
0.8206
0.8204
0.8205
0.8206
0.8189
0.8210
0.8203
0.8210
0.8210
0.8210
0.8206
0.8189
0.8167
0.8189
0.8199
0.8210
0.8205
0.8210
0.8210
0.8210
0.8205
0.8144
0.8206
0.8210
0.8167
0.8118
0.8203
0.8210
0.8210
0.8210
0.8204
0.8203
0.8210
0.8206
0.8144
0.8118
0.8210
0.8210
0.8210
0.8210
0.8210
0.8079
0.8145
0.8206
0.8118
0.8210
0.8153
0.8203
0.8210
0.8210
0.8211
0.8122
0.8210
0.8210
0.8210
0.8150
0.8213
0.8079
0.8213
0.8211
0.8210
0.8210
0.8211
0.8150
0.8150
0.8019
0.8150
0.8210
0.8213
0.8211
0.8211
0.8150
0.8210
0.8210
0.8147
0.8079
0.8079
0.8150
0.8213
0.8211
0.8150
0.8144
0.8211
0.8211
0.8150
0.8211
0.8210
0.8079
0.8213
0.8211
0.8071
0.8079
0.8150
0.8150
0.8213
0.8206
0.8211
0.8213
0.8213
0.8213
0.8150
0.8079
0.8211
0.8079
0.8205
0.8213
0.8206
0.8079
0.8213
0.8213
0.8213
0.8211
0.8204
0.8205
0.8213
0.8205
0.8079
0.8079
0.8213
0.8213
0.8205
0.8211
0.8079
0.8213
0.8204
0.8214
0.8213
0.8213
0.8214
0.8213
0.8204
0.8211
0.8204
0.8211
0.8213
0.8205
0.8213
0.8211
0.8214
0.8213
0.8213
0.8213
0.8205
0.8211
0.8197
0.8210
0.8213
0.8214
0.8214
0.8214
0.8193
0.8213
0.8201
0.8213
0.8213
0.8213
0.8197
0.8171
0.8214
0.8214
0.8201
0.8201
0.8166
0.8204
0.8201
0.8169
0.8201
0.8214
0.8214
0.8214
0.8214
0.8214
0.8204
0.8214
0.8205
0.8174
0.8217
0.8204
0.8217
0.8214
0.8211
0.8219
0.8217
0.8205
0.8205
0.8211
0.8193
0.8204
0.8219
0.8217
0.8217
0.8219
0.8206
0.8219
0.8215
0.8214
0.8205
0.8211
0.8219
0.8219
0.8053
0.8204
0.8205
0.8217
0.8219
0.8219
0.8211
0.8214
0.8219
0.8219
0.8205
0.8211
0.8211
0.8216
0.8219
0.8053
0.8213
0.8046
0.8219
0.8219
0.8046
0.8213
0.8202
0.8205
0.8205
0.8211
0.8211
0.8045
0.8219
0.8219
0.8205
0.8046
0.8046
0.8205
0.8205
0.8219
0.8213
0.8166
0.8219
0.8219
0.8046
0.8219
0.8205
0.8205
0.8165
0.8218
0.8166
0.8046
0.8219
0.8219
0.8166
0.8219
0.8219
0.8218
0.8219
0.8219
0.8046
0.8204
0.8219
0.8219
0.8219
0.8219
0.8209
0.8216
0.8219
0.8045
0.8219
0.8219
0.8219
0.8219
0.8219
0.8219
0.8219
0.8219
0.8209
0.8207
0.8219
0.8219
0.8219
0.8219
0.8209
0.8219
0.8218
0.8207
0.8218
0.8218
0.8219
0.8207
0.8219
0.8219
0.8219
0.8218
0.8218
0.8209
0.8219
0.8209
0.8218
0.8207
0.8219
0.8219
0.8219
0.8215
0.8219
0.8209
0.8219
0.8208
0.8218
0.8219
0.8219
0.8219
0.8219
0.8215
0.8219
0.8219
0.8219
0.8128
0.8219
0.8208
0.8219
0.8219
0.8219
0.8218
0.8215
0.8208
0.8219
0.8129
0.8219
0.8215
0.8219
0.8219
0.8219
0.8217
0.8127
0.8209
0.8219
0.8219
0.8219
0.8218
0.8219
0.8219
0.8219
0.8216
0.8127
0.8126
0.8127
0.8127
0.8219
0.8218
0.8219
0.8219
0.8219
0.8125
0.8127
0.8125
0.8219
0.8127
0.8218
0.8125
0.8219
0.8219
0.8125
0.8122
0.8127
0.8203
0.8219
0.8127
0.8125
0.8127
0.8219
0.8219
0.8127
0.8126
0.8119
0.8127
0.8125
0.8219
0.8203
0.8127
0.8219
0.8219
0.8124
0.8125
0.8218
0.8121
0.8127
0.8223
0.8122
0.8219
0.8223
0.8219
0.7912
0.8208
0.8219
0.8219
0.8219
0.8148
0.8121
0.8125
0.8223
0.8219
0.8202
0.8121
0.8218
0.8124
0.8217
0.8148
0.8219
0.8310
0.8310
0.8223
0.8202
0.8123
0.8216
0.8125
0.8218
0.8218
0.8213
0.8217
0.8310
0.8223
0.8298
0.8219
0.8122
0.8219
0.8123
0.8133
0.8310
0.8218
0.8310
0.8310
0.8219
0.8219
0.8219
0.8224
0.8298
0.8310
0.8310
0.8299
0.8310
0.8310
0.8412
0.8223
0.8211
0.8208
0.8310
0.8199
0.8216
0.8310
0.8412
0.8310
0.8310
0.8249
0.8181
0.8235
0.8199
0.8412
0.8171
0.8206
0.8412
0.8412
0.8171
0.8269
0.8204
0.8269
0.8080
0.8269
0.8272
0.8310
0.8412
0.8412
0.8171
0.8228
0.8181
0.8093
0.8252
0.8298
0.8065
0.8310
0.8412
0.8412
0.8333
0.8201
0.8362
0.8269
0.8227
0.8132
0.8298
0.8172
0.8412
0.8412
0.8250
0.8215
0.8388
0.8176
0.8412
0.8333
0.8310
0.8222
0.8412
0.8412
0.8412
0.8333
0.8255
0.8412
0.8170
0.8182
0.8297
0.8231
0.8412
0.8412
0.8314
0.8140
0.8412
0.8106
0.8412
0.8412
0.8255
0.8412
0.8412
0.8412
0.8412
0.8412
0.8412
0.8412
0.8412
0.8292
0.8333
0.8098
0.8412
0.8412
0.8412
0.8333
0.8106
0.8284
0.8314
0.8380
0.8310
0.8412
0.8412
0.8412
0.8398
0.8412
0.8310
0.8388
0.8189
0.8392
0.8310
0.8314
0.8412
0.8412
0.8412
0.8278
0.8310
0.8410
0.8310
0.8310
0.8412
0.8412
0.8412
0.8412
0.8310
0.8310
0.8412
0.8410
0.8140
0.8412
0.8310
0.8310
0.8412
0.8412
0.8138
0.8301
0.8310
0.8412
0.8278
0.8412
0.8310
0.8310
0.8412
0.8412
0.8309
0.8294
0.8412
0.8310
0.8244
0.8412
0.8301
0.8398
0.8412
0.8412
0.8325
0.8264
0.8310
0.8309
0.8261
0.8278
0.8412
0.8398
0.8412
0.8412
0.8412
0.8294
0.8244
0.8388
0.8235
0.8412
0.8246
0.8173
0.8412
0.8412
0.8264
0.8309
0.8412
0.8388
0.8412
0.8412
0.8412
0.8173
0.8412
0.8412
0.8412
0.8412
0.8366
0.8412
0.8278
0.8366
0.8412
0.8412
0.8412
0.8412
0.8366
0.8413
0.8391
0.8388
0.8412
0.8412
0.8276
0.8412
0.8413
0.8412
0.8189
0.8388
0.8412
0.8191
0.8412
0.8412
0.8388
0.8366
0.8413
0.8412
0.8362
0.8330
0.8413
0.8412
0.8384
0.8388
0.8388
0.8144
0.8413
0.8413
0.8144
0.8412
0.8095
0.8251
0.8354
0.8384
0.8412
0.8412
0.8413
0.8413
0.8333
0.8354
0.8381
0.8384
0.8291
0.8412
0.8251
0.8388
0.8413
0.8413
0.8412
0.8413
0.8250
0.8392
0.8384
0.8249
0.8331
0.8384
0.8413
0.8413
0.8412
0.8363
0.8388
0.8552
0.8414
0.8334
0.8198
0.8410
0.8552
0.8414
0.8412
0.8411
0.8412
0.8345
0.8476
0.8198
0.8222
0.8413
0.8552
0.8476
0.8413
0.8179
0.8198
0.8414
0.8411
0.8413
0.8207
0.8204
0.8552
0.8476
0.8198
0.8207
0.8411
0.8385
0.8476
0.8413
0.8388
0.8171
0.8552
0.8476
0.8476
0.8388
0.8412
0.8388
0.8243
0.8207
0.8207
0.8476
0.8552
0.8476
0.8360
0.8386
0.8413
0.8207
0.8206
0.8476
0.8476
0.8361
0.8552
0.8476
0.8413
0.8386
0.8360
0.8198
0.8361
0.8459
0.8098
0.8476
0.8552
0.8476
0.8361
0.8459
0.8423
0.8211
0.8141
0.8177
0.8444
0.8184
0.8552
0.8476
0.8190
0.8338
0.8564
0.8206
0.8476
0.8184
0.8211
0.8476
0.8564
0.8552
0.8206
0.8476
0.8212
0.8552
0.8476
0.8318
0.8365
0.8177
0.8564
0.8552
0.8465
0.8177
0.8177
0.8177
0.8214
0.8362
0.8548
0.8173
0.8564
0.8552
0.8564
0.8214
0.8161
0.8173
0.8563
0.8338
0.8163
0.8236
0.8564
0.8564
0.8172
0.8553
0.8564
0.8552
0.8537
0.8383
0.8563
0.8514
0.8564
0.8564
0.8564
0.8537
0.8537
0.8537
0.8564
0.8488
0.8514
0.8564
0.8564
0.8564
0.8564
0.8488
0.8537
0.8542
0.8577
0.8564
0.8564
0.8537
0.8577
0.8564
0.8564
0.7642
0.8516
0.8519
0.8564
0.8542
0.8516
0.8164
0.8577
0.8564
0.8532
0.8190
0.8516
0.8542
0.8428
0.8542
0.8537
0.8214
0.8577
0.8564
0.8537
0.8542
0.8158
0.8553
0.8564
0.8164
0.8428
0.8135
0.8577
0.8564
0.8120
0.8400
0.8547
0.8564
0.8426
0.8564
0.8152
0.8521
0.8577
0.8564
0.8177
0.8548
0.8326
0.8193
0.8577
0.8406
0.8506
0.8246
0.8577
0.8577
0.8549
0.8564
0.8506
0.8246
0.8400
0.8166
0.8382
0.8222
0.8577
0.8577
0.8223
0.8435
0.8382
0.8257
0.8564
0.8222
0.8332
0.8426
0.8577
0.8577
0.8545
0.8408
0.8381
0.8435
0.8282
0.8564
0.8564
0.8577
0.8577
0.8577
0.8569
0.8577
0.8445
0.8560
0.8569
0.8564
0.8282
0.8577
0.8577
0.8577
0.8569
0.7986
0.8577
0.8265
0.8282
0.8577
0.8341
0.8564
0.8577
0.8577
0.8531
0.8563
0.8562
0.7991
0.8317
0.8341
0.8577
0.8570
0.8577
0.8577
0.8341
0.8577
0.8577
0.8693
0.8316
0.8577
0.8513
0.8577
0.8693
0.8577
0.8341
0.8341
0.8577
0.8578
0.8577
0.8577
0.8577
0.7375
0.8693
0.8578
0.8510
0.8313
0.8452
0.8577
0.8578
0.8569
0.8341
0.8577
0.8693
0.8578
0.8510
0.8577
0.8416
0.8693
0.8380
0.8577
0.8577
0.8325
0.8693
0.8693
0.8693
0.8578
0.8693
0.8577
0.8320
0.8416
0.8510
0.8416
0.8693
0.8693
0.8531
0.8577
0.8569
0.8538
0.8495
0.8336
0.8598
0.8081
0.8693
0.8693
0.8693
0.8598
0.8081
0.8064
0.8478
0.8287
0.8693
0.8598
0.8693
0.8693
0.8478
0.8409
0.8693
0.8568
0.8119
0.8566
0.8693
0.8607
0.8693
0.8693
0.8211
0.8152
0.8549
0.8152
0.8693
0.8607
0.8577
0.8570
0.8693
0.8693
0.8693
0.7375
0.8693
0.8693
0.8693
0.8559
0.8607
0.8706
0.8706
0.8693
0.8559
0.8559
0.8693
0.8693
0.8693
0.8693
0.7375
0.8693
0.8706
0.8693
0.8616
0.8706
0.8590
0.8454
0.7566
0.8693
0.8706
0.7375
0.8706
0.8706
0.8283
0.8693
0.8590
0.8581
0.8571
0.8616
0.7366
0.8693
0.8706
0.8706
0.8644
0.7366
0.8581
0.8571
0.8498
0.8570
0.8283
0.8693
0.8706
0.8706
0.8706
0.8283
0.8644
0.8706
0.8283
0.8595
0.8547
0.8597
0.8706
0.8706
0.8644
0.8283
0.8706
0.8560
0.8706
0.8706
0.8706
0.8595
0.8706
0.8706
0.8644
0.8706
0.8706
0.8595
0.7366
0.8706
0.8616
0.8706
0.8706
0.8706
0.7366
0.8576
0.8616
0.8443
0.7399
0.8577
0.8706
0.8706
0.8706
0.8706
0.8255
0.8706
0.8595
0.8598
0.8706
0.8705
0.8706
0.8706
0.8706
0.8706
0.8706
0.8706
0.8567
0.8587
0.8706
0.8598
0.8523
0.8706
0.8706
0.8706
0.8593
0.8598
0.8571
0.8706
0.8593
0.8706
0.8255
0.8706
0.8706
0.8706
0.8706
0.8225
0.8644
0.8469
0.8706
0.8589
0.8557
0.8706
0.8706
0.8706
0.8225
0.8706
0.8598
0.8161
0.8706
0.8644
0.8706
0.8478
0.8706
0.8706
0.8743
0.8557
0.8637
0.8478
0.8644
0.8520
0.8619
0.7993
0.8743
0.8706
0.8371
0.8050
0.8616
0.8626
0.8589
0.8038
0.8635
0.8706
0.8743
0.8706
0.8589
0.8386
0.8637
0.7171
0.8120
0.7929
0.8722
0.8404
0.8743
0.8722
0.7910
0.8371
0.8706
0.8386
0.8706
0.8404
0.8386
0.8324
0.8743
0.8722
0.8722
0.8371
0.8720
0.8263
0.8386
0.7910
0.8616
0.8478
0.8743
0.8722
0.8423
0.8748
0.8478
0.8574
0.8743
0.8528
0.8717
0.8743
0.8748
0.8743
0.8712
0.8292
0.8743
0.8743
0.8423
0.8743
0.8723
0.8423
0.8748
0.8743
0.8386
0.8722
0.8729
0.8743
0.8292
0.8748
0.8723
0.8729
0.8748
0.8748
0.8450
0.8729
0.8729
0.8729
0.8571
0.8423
0.8148
0.8297
0.8748
0.8748
0.8392
0.8148
0.8711
0.8574
0.8748
0.8441
0.8450
0.8239
0.8748
0.8748
0.8491
0.8056
0.8742
0.8239
0.8748
0.8748
0.8748
0.8729
0.8748
0.8748
0.8729
0.7810
0.8748
0.8748
0.8141
0.8701
0.8039
0.8757
0.8757
0.8748
0.8746
0.8758
0.8529
0.8701
0.8748
0.8729
0.8033
0.8720
0.8758
0.8757
0.8032
0.8748
0.8469
0.8031
0.8748
0.8746
0.8758
0.8748
0.8758
0.8758
0.8469
0.8031
0.8083
0.8252
0.8729
0.8574
0.8748
0.8748
0.8758
0.8758
0.8758
0.8031
0.8530
0.8758
0.8252
0.8134
0.7699
0.8095
0.8758
0.8758
0.8087
0.8719
0.8747
0.8059
0.8743
0.8641
0.8729
0.8565
0.8758
0.8758
0.8122
0.8758
0.8565
0.8753
0.8059
0.8747
0.8641
0.8059
0.8758
0.8758
0.8678
0.8122
0.8123
0.8724
0.8574
0.8103
0.8747
0.8758
0.8758
0.8758
0.8758
0.8121
0.8123
0.8123
0.8758
0.8121
0.8095
0.8678
0.8758
0.8758
0.8099
0.8638
0.8121
0.8743
0.8737
0.8120
0.8122
0.8753
0.8758
0.8758
0.8758
0.8737
0.8101
0.8700
0.8121
0.8758
0.8123
0.8750
0.8758
0.8758
0.8682
0.8758
0.8758
0.8750
0.8101
0.8677
0.8121
0.8691
0.8758
0.8758
0.8101
0.8101
0.8758
0.8758
0.8121
0.8754
0.8244
0.8758
0.8758
0.8758
0.8099
0.8724
0.8758
0.8244
0.8084
0.8743
0.8084
0.8743
0.8758
0.8758
0.8758
0.8244
0.8244
0.8724
0.8099
0.8083
0.8244
0.8743
0.8758
0.8758
0.8175
0.8748
0.8190
0.7659
0.8747
0.8244
0.8099
0.8083
0.8758
0.8758
0.8364
0.8290
0.8211
0.8099
0.8748
0.8750
0.8711
0.8663
0.8758
0.8758
0.8758
0.8661
0.8103
0.8099
0.8211
0.8364
0.8758
0.8758
0.8758
0.8758
0.8103
0.8641
0.8083
0.8758
0.8758
0.8266
0.8748
0.8099
0.8758
0.8758
0.8758
0.8750
0.8641
0.8758
0.8564
0.8099
0.8750
0.8151
0.8758
0.8758
0.8641
0.8750
0.8151
0.8758
0.8763
0.8758
0.8151
0.8757
0.8763
0.8758
0.8645
0.8763
0.8641
0.8289
0.8756
0.8758
0.8641
0.8481
0.8763
0.8763
0.8641
0.8481
0.8748
0.8582
0.8641
0.8682
0.8758
0.8645
0.8763
0.8763
0.8313
0.8758
0.8758
0.8758
0.8763
0.8754
0.8645
0.8763
0.8763
0.8763
0.8763
0.8754
0.8645
0.8758
0.8272
0.8758
0.8763
0.8313
0.8763
0.8763
0.8763
0.8272
0.8272
0.8225
0.8763
0.8763
0.8763
0.8754
0.8763
0.8763
0.8763
0.8247
0.8755
0.8190
0.8225
0.8763
0.8763
0.8763
0.8763
0.8763
0.8481
0.8507
0.8190
0.8763
0.8418
0.8136
0.8763
0.8247
0.8763
0.8763
0.8418
0.8507
0.8503
0.8559
0.8763
0.8190
0.8460
0.8763
0.8763
0.8763
0.8155
0.8763
0.8456
0.8763
0.8746
0.8190
0.7661
0.8481
0.8763
0.8763
0.8763
0.8763
0.8539
0.8190
0.8272
0.8318
0.8708
0.8663
0.8763
0.8763
0.8193
0.8645
0.8707
0.8755
0.8436
0.8763
0.8763
0.8763
0.8763
0.8763
0.8763
0.8763
0.8763
0.8611
0.8755
0.8758
0.8755
0.8763
0.8763
0.8763
0.8576
0.8735
0.8753
0.8751
0.8763
0.8763
0.7661
0.8700
0.8763
0.8763
0.8755
0.8746
0.8763
0.8751
0.8764
0.8753
0.8747
0.8758
0.8764
0.8763
0.8763
0.8731
0.8746
0.8758
0.8763
0.8763
0.8759
0.8751
0.8764
0.8763
0.8758
0.8746
0.8759
0.8763
0.8746
0.8746
0.8763
0.8763
0.8764
0.8763
0.8746
0.8763
0.8761
0.8746
0.8759
0.8763
0.8763
0.8746
0.8764
0.8763
0.8763
0.8761
0.8761
0.8764
0.8736
0.8764
0.8763
0.8763
0.8764
0.8764
0.8663
0.8764
0.8561
0.8764
0.8753
0.8655
0.8763
0.8761
0.8764
0.8764
0.8761
0.8756
0.8764
0.8753
0.8761
0.8594
0.8753
0.8754
0.8764
0.8764
0.8650
0.8761
0.8747
0.8561
0.8761
0.8761
0.7734
0.8761
0.8764
0.8764
0.8761
0.8682
0.8747
0.8107
0.8319
0.8237
0.8263
0.8764
0.8764
0.8764
0.8764
0.8093
0.8739
0.8205
0.8764
0.8107
0.8764
0.8096
0.8764
0.8764
0.8107
0.8761
0.8101
0.8596
0.8674
0.8085
0.8764
0.8739
0.8764
0.8764
0.8764
0.8764
0.8764
0.8796
0.8753
0.8107
0.8101
0.8739
0.8796
0.8764
0.8764
0.8753
0.8764
0.8753
0.8764
0.8106
0.7660
0.8763
0.8796
0.8764
0.8747
0.7611
0.8572
0.8566
0.8764
0.7660
0.8106
0.8764
0.8796
0.8764
0.8756
0.7660
0.8796
0.8094
0.7690
0.8753
0.8759
0.8259
0.8796
0.8796
0.8743
0.8759
0.7837
0.8566
0.8094
0.8759
0.8753
0.8796
0.8796
0.8796
0.8759
0.8796
0.7653
0.8560
0.8764
0.8749
0.8727
0.8094
0.8796
0.8796
0.8759
0.7677
0.7660
0.8759
0.8764
0.8560
0.8764
0.8560
0.8796
0.8796
0.8150
0.8763
0.8655
0.8759
0.8718
0.8759
0.8560
0.8444
0.8796
0.8796
0.8231
0.8764
0.8759
0.8150
0.8796
0.8560
0.8761
0.8424
0.8796
0.8796
0.8560
0.7817
0.8150
0.8796
0.8150
0.8424
0.8702
0.8738
0.8796
0.8796
0.8150
0.8150
0.8796
0.8796
0.8796
0.8560
0.7816
0.7813
0.8796
0.8796
0.8764
0.8560
0.8796
0.8408
0.7810
0.8145
0.8150
0.8150
0.8796
0.8796
0.8150
0.8362
0.8408
0.8708
0.7813
0.8670
0.8150
0.8764
0.8796
0.8796
0.8408
0.8150
0.8655
0.8708
0.8796
0.8764
0.8150
0.8670
0.8796
0.8796
0.8150
0.8796
0.8912
0.8408
0.8796
0.8764
0.8764
0.8912
0.8912
0.8912
0.8912
0.8796
0.8115
0.8796
0.8759
0.8912
0.8150
0.8786
0.8912
0.8912
0.8115
0.8770
0.8759
0.8912
0.8912
0.8745
0.8751
0.8912
0.8912
0.8912
0.8681
0.8745
0.8912
0.8857
0.8912
0.8745
0.8751
0.8915
0.8915
0.8912
0.8872
0.8912
0.8751
0.8915
0.8901
0.8751
0.8912
0.7737
0.8915
0.8915
0.8754
0.8749
0.8897
0.8751
0.8915
0.8751
0.8767
0.8836
0.8915
0.8915
0.8749
0.8915
0.8897
0.8915
0.8751
0.8749
0.8751
0.8897
0.8915
0.8915
0.8915
0.8116
0.8749
0.8915
0.8751
0.8915
0.8749
0.8915
0.8915
0.8915
0.8915
0.8915
0.8116
0.8915
0.8689
0.8915
0.8605
0.8915
0.8915
0.8915
0.8914
0.8605
0.8605
0.8915
0.8915
0.8915
0.8116
0.8579
0.8915
0.8915
0.8915
0.8605
0.7650
0.8576
0.8914
0.8915
0.8579
0.8605
0.8915
0.8915
0.8915
0.8743
0.7649
0.8915
0.8914
0.7650
0.8915
0.8576
0.8915
0.8915
0.8915
0.8915
0.8767
0.8576
0.8915
0.8701
0.8829
0.7640
0.8915
0.8915
0.8915
0.7650
0.8915
0.7628
0.8915
0.8968
0.8915
0.8675
0.8968
0.8915
0.8314
0.7628
0.8314
0.8915
0.7742
0.8968
0.8701
0.8764
0.8968
0.8968
0.7704
0.8915
0.8318
0.8765
0.8760
0.8404
0.8915
0.8915
0.8968
0.8968
0.7656
0.8450
0.8757
0.8318
0.8277
0.8925
0.8391
0.7645
0.8968
0.8968
0.8757
0.8968
0.8375
0.8314
0.7610
0.7656
0.8690
0.8968
0.8968
0.8968
0.8968
0.8872
0.8915
0.8160
0.8968
0.8968
0.7656
0.7610
0.8968
0.8968
0.8968
0.8966
0.8862
0.8872
0.8968
0.8862
0.7650
0.8745
0.8968
0.8968
0.8968
0.8968
0.8872
0.8792
0.8117
0.8862
0.8968
0.8760
0.8968
0.8968
0.8966
0.8728
0.8117
0.8110
0.8750
0.8752
0.8924
0.8968
0.8968
0.8968
0.8910
0.8717
0.8968
0.8968
0.8924
0.8114
0.8531
0.8117
0.8968
0.8968
0.8531
0.8531
0.8872
0.8098
0.8910
0.8910
0.8782
0.8101
0.8968
0.8968
0.8968
0.8601
0.8419
0.8110
0.8744
0.8117
0.8679
0.8117
0.8968
0.8968
0.8101
0.8910
0.8752
0.8910
0.8968
0.8110
0.8440
0.8556
0.8968
0.8968
0.8580
0.8749
0.8968
0.8556
0.8117
0.8744
0.8782
0.8101
0.8968
0.8968
0.8749
0.8852
0.8852
0.8968
0.8384
0.8101
0.8749
0.8556
0.8968
0.8968
0.7741
0.8968
0.8071
0.8968
0.8679
0.8096
0.8101
0.8101
0.8968
0.8968
0.8090
0.8094
0.8622
0.8117
0.8743
0.8968
0.8713
0.8114
0.8968
0.8968
0.8112
0.8089
0.8117
0.8872
0.8968
0.8117
0.8089
0.8713
0.8968
0.8968
0.8468
0.8862
0.8966
0.8096
0.7804
0.8114
0.8089
0.8968
0.8968
0.8968
0.8901
0.8968
0.8114
0.7804
0.8968
0.8966
0.8752
0.8966
0.8968
0.8968
0.8114
0.8114
0.8968
0.8968
0.8968
0.8968
0.8114
0.8968
0.8968
0.8968
0.8968
0.8968
0.8968
0.8968
0.8095
0.8114
0.8860
0.7744
0.8968
0.8968
0.8095
0.8713
0.8968
0.7744
0.8781
0.8318
0.8968
0.8782
0.8968
0.8968
0.8185
0.8318
0.8968
0.8968
0.8968
0.8753
0.8782
0.8318
0.8968
0.8968
0.8968
0.8278
0.8968
0.8753
0.8968
0.8862
0.8968
0.8185
0.8968
0.8968
0.8782
0.8967
0.8276
0.8915
0.8752
0.8968
0.8862
0.8364
0.8968
0.8968
0.8716
0.8271
0.8915
0.8968
0.8364
0.8728
0.8758
0.8967
0.8968
0.8968
0.8717
0.8360
0.8728
0.8967
0.8717
0.8915
0.8915
0.8717
0.8968
0.8968
0.8716
0.8968
0.8717
0.8661
0.8915
0.8338
0.8968
0.8318
0.8968
0.8968
0.8924
0.8318
0.8968
0.8318
0.8915
0.8153
0.8915
0.8968
0.8968
0.8968
0.8915
0.8318
0.8318
0.8968
0.8208
0.8185
0.8716
0.8208
0.8968
0.8968
0.8968
0.8318
0.8743
0.8314
0.8742
0.8185
0.8318
0.8743
0.8968
0.8968
0.8117
0.8145
0.8968
0.8742
0.8312
0.8126
0.8135
0.8966
0.8968
0.8968
0.8279
0.8897
0.8135
0.8125
0.8968
0.8126
0.8751
0.8126
0.8968
0.8968
0.8747
0.8318
0.8126
0.8717
0.8125
0.8129
0.8968
0.8968
0.8968
0.8968
0.8968
0.8968
0.8125
0.8717
0.8860
0.8259
0.8759
0.8322
0.8968
0.8968
0.8759
0.8691
0.8366
0.8322
0.8690
0.8968
0.8310
0.8872
0.8968
0.8968
0.8860
0.8441
0.8728
0.8713
0.8366
0.8322
0.8968
0.8759
0.8968
0.8968
0.8728
0.8656
0.8441
0.8104
0.8968
0.8184
0.8757
0.8754
0.8968
0.8968
0.8656
0.8441
0.8229
0.8676
0.8705
0.8249
0.8607
0.8713
0.8968
0.8968
0.8646
0.8708
0.8529
0.8204
0.7742
0.8441
0.8713
0.8713
0.8968
0.8968
0.7710
0.8708
0.8697
0.8708
0.8563
0.8708
0.8713
0.8197
0.8968
0.8968
0.8391
0.8708
0.8968
0.8708
0.8968
0.8680
0.8706
0.8708
0.8968
0.8968
0.8708
0.8391
0.8968
0.8708
0.8708
0.8968
0.8708
0.8490
0.8968
0.8968
0.8968
0.8638
0.8862
0.8968
0.8708
0.8968
0.8968
0.8966
0.8968
0.8968
0.8968
0.8966
0.8856
0.8968
0.8901
0.8968
0.8862
0.8477
0.8968
0.8968
0.8968
0.8901
0.8862
0.8862
0.8901
0.8705
0.8725
0.8717
0.8968
0.8968
0.8901
0.8968
0.7735
0.8705
0.8725
0.8968
0.8901
0.8379
0.8968
0.8968
0.8462
0.7788
0.8705
0.8741
0.7735
0.8743
0.8379
0.7735
0.8968
0.8968
0.8743
0.8968
0.8379
0.8263
0.7678
0.8901
0.8861
0.7737
0.8968
0.8968
0.7737
0.8861
0.8967
0.7737
0.8968
0.8968
0.7697
0.8745
0.8968
0.8968
0.8968
0.8861
0.8745
0.8091
0.8726
0.8968
0.7633
0.8702
0.8968
0.8968
0.8091
0.8091
0.8781
0.8861
0.8745
0.8745
0.8968
0.8968
0.8968
0.8968
0.8690
0.8091
0.8781
0.8968
0.8737
0.8745
0.8861
0.8745
0.8968
0.8968
0.8872
0.8745
0.8781
0.8968
0.8745
0.8861
0.8745
0.8076
0.8968
0.8968
0.8861
0.8738
0.8967
0.8075
0.8968
0.8861
0.8076
0.8076
0.8968
0.8968
0.8968
0.8670
0.8752
0.8075
0.8968
0.8076
0.8728
0.8166
0.8968
0.8968
0.8635
0.8968
0.8728
0.8533
0.8968
0.8752
0.8968
0.8953
0.8968
0.8968
0.8738
0.8814
0.8191
0.8527
0.8533
0.8964
0.8968
0.8690
0.8968
0.8968
0.8968
0.8814
0.8964
0.8690
0.8690
0.8968
0.8527
0.8738
0.8968
0.8968
0.8964
0.8733
0.8968
0.8968
0.8968
0.7744
0.8968
0.8964
0.8968
0.8968
0.8968
0.7744
0.8782
0.8781
0.8901
0.8968
0.8964
0.8860
0.8968
0.8968
0.8860
0.8760
0.8792
0.8782
0.8901
0.8781
0.8858
0.8968
0.8968
0.8968
0.8763
0.8860
0.8968
0.8254
0.8725
0.8856
0.8782
0.8594
0.8968
0.8968
0.8968
0.8404
0.8968
0.8339
0.8968
0.8860
0.8763
0.8782
0.8968
0.8968
0.8968
0.8968
0.8968
0.8362
0.8362
0.8764
0.8476
0.8782
0.8968
0.8968
0.8968
0.8717
0.8765
0.8117
0.8362
0.8968
0.8968
0.8763
0.8968
0.8968
0.8860
0.8334
0.8765
0.8362
0.8967
0.8117
0.8968
0.8968
0.8968
0.8968
0.8968
0.8759
0.8362
0.8362
0.8110
0.8968
0.8334
0.8968
0.8968
0.8968
0.8968
0.8334
0.8334
0.8968
0.8404
0.8859
0.8968
0.8110
0.8968
0.8968
0.8859
0.8110
0.8404
0.8968
0.8968
0.8968
0.8968
0.7658
0.8968
0.8968
0.8968
0.8077
0.8860
0.8951
0.8968
0.8717
0.8404
0.8968
0.8968
0.8968
0.8076
0.8968
0.8968
0.8077
0.8968
0.8860
0.8968
0.8924
0.8968
0.8968
0.8077
0.8690
0.8860
0.8968
0.8076
0.8968
0.8792
0.8968
0.8968
0.8968
0.8966
0.8077
0.8708
0.8522
0.8705
0.8167
0.8076
0.8791
0.8968
0.8968
0.8791
0.8077
0.8705
0.8705
0.8077
0.8859
0.8675
0.8966
0.8968
0.8968
0.8968
0.8966
0.8717
0.8705
0.8775
0.8966
0.8091
0.8705
0.8968
0.8968
0.8689
0.8856
0.8713
0.8426
0.8717
0.8872
0.8717
0.8968
0.8968
0.8968
0.8968
0.8656
0.8968
0.8426
0.8968
0.8717
0.8426
0.8968
0.8968
0.8968
0.8369
0.8426
0.8968
0.8968
0.8713
0.8968
0.8968
0.8369
0.8968
0.8968
0.8507
0.8968
0.8710
0.8507
0.8220
0.8781
0.8862
0.8764
0.8968
0.8968
0.8764
0.8687
0.8476
0.8710
0.8862
0.8862
0.8968
0.8968
0.8968
0.8968
0.8862
0.8302
0.8706
0.8656
0.8968
0.8862
0.8872
0.8862
0.8968
0.8968
0.8366
0.8856
0.8762
0.8733
0.8862
0.8733
0.8872
0.8268
0.8968
0.8968
0.8862
0.8764
0.8968
0.8856
0.8862
0.8762
0.8762
0.8476
0.8968
0.8968
0.8578
0.8733
0.8968
0.8968
0.8762
0.8856
0.8762
0.8762
0.8968
0.8968
0.8968
0.8967
0.8862
0.8706
0.8577
0.8968
0.8860
0.8968
0.8968
0.8968
0.8691
0.8968
0.8764
0.8373
0.8690
0.8676
0.8862
0.8743
0.8968
0.8968
0.8764
0.8656
0.8862
0.8318
0.8689
0.8635
0.8426
0.8733
0.8968
0.8968
0.8968
0.8267
0.8862
0.8690
0.8649
0.8656
0.8426
0.8968
0.8968
0.8968
0.8426
0.8649
0.8160
0.8758
0.8239
0.8968
0.8968
0.8968
0.8968
0.8968
0.8852
0.8968
0.8325
0.8968
0.8968
0.8968
0.8968
0.8968
0.8968
0.8968
0.8968
0.8968
0.8968
0.8366
0.8426
0.8752
0.8842
0.8968
0.8968
0.8968
0.8968
0.8968
0.8968
0.8781
0.8968
0.8426
0.8968
0.8752
0.8968
0.8968
0.8968
0.8968
0.8968
0.8968
0.8968
0.8860
0.8968
0.8968
0.8968
0.8968
0.8968
0.8751
0.8968
0.8968
0.8968
0.8968
0.8968
0.8968
0.8968
0.8968
0.8968
0.8968
0.8656
0.8968
0.8860
0.8968
0.8968
0.8968
0.8968
0.8968
0.8968
0.8968
0.8968
0.7742
0.8759
0.8968
0.8968
0.8968
0.8968
0.8968
0.8712
0.8968
0.8929
0.8968
0.8752
0.8426
0.8691
0.8859
0.8968
0.8968
0.8968
0.8968
0.8859
0.8966
0.8968
0.8968
0.8931
0.8929
0.8968
0.8968
0.8968
0.8931
0.8968
0.8476
0.8968
0.8968
0.8968
0.8713
0.8968
0.8968
0.8751
0.8929
0.8968
0.8757
0.8968
0.8968
0.8968
0.8476
0.8968
0.8968
0.8968
0.8133
0.8782
0.8968
0.8756
0.8968
0.8968
0.8743
0.8968
0.8968
0.8759
0.8968
0.8752
0.8968
0.8782
0.8782
0.8476
0.8869
0.8968
0.8968
0.8968
0.8522
0.8759
0.8968
0.8610
0.8742
0.8968
0.8968
0.8968
0.8968
0.8742
0.8968
0.8269
0.8869
0.8968
0.8852
0.8610
0.8968
0.8968
0.8968
0.8752
0.7793
0.8610
0.8752
0.8968
0.8713
0.8717
0.8869
0.8968
0.8968
0.8717
0.8610
0.8752
0.8713
0.7658
0.8507
0.8405
0.8717
0.8968
0.8968
0.8968
0.8717
0.8742
0.8752
0.7658
0.8752
0.8360
0.8353
0.8968
0.8968
0.8968
0.8752
0.8368
0.8734
0.7577
0.8968
0.8968
0.8968
0.8968
0.8968
0.8360
0.7811
0.8447
0.8549
0.8968
0.8968
0.8968
0.8792
0.8968
0.8968
0.8546
0.8368
0.8360
0.8447
0.8968
0.8447
0.8968
0.8792
0.8968
0.8968
0.8968
0.8968
0.8759
0.8344
0.8607
0.8760
0.8447
0.8759
0.8968
0.8968
0.8447
0.8968
0.8757
0.8368
0.8447
0.8218
0.8426
0.8549
0.8968
0.8968
0.8708
0.8757
0.8757
0.8968
0.8607
0.8759
0.8968
0.8292
0.8968
0.8968
0.8269
0.8755
0.8532
0.8968
0.8741
0.8726
0.8751
0.8968
0.8968
0.8968
0.8968
0.8968
0.8968
0.8751
0.8751
0.8968
0.8968
0.8862
0.8968
0.8968
0.8901
0.8792
0.8318
0.8968
0.8792
0.8558
0.8968
0.8968
0.8968
0.8968
0.8901
0.8705
0.8915
0.8901
0.8306
0.8968
0.8690
0.8750
0.8968
0.8968
0.8298
0.8749
0.8856
0.8762
0.8867
0.8968
0.8901
0.8302
0.8968
0.8968
0.8858
0.8894
0.8915
0.8894
0.8298
0.8171
0.8181
0.8764
0.8968
0.8968
0.8858
0.8799
0.8894
0.8181
0.8171
0.8915
0.8915
0.8915
0.8968
0.8968
0.8168
0.8757
0.8171
0.8915
0.8968
0.8707
0.8172
0.7649
0.8968
0.8968
0.7650
0.8915
0.8901
0.8171
0.8889
0.8171
0.8915
0.8171
0.8968
0.8968
0.8792
0.8889
0.8953
0.8115
0.8324
0.8708
0.8901
0.7649
0.8968
0.8968
0.8901
0.8324
0.8756
0.8116
0.8968
0.8792
0.8077
0.8901
0.8968
0.8968
0.8756
0.8756
0.8324
0.8324
0.8757
0.8901
0.8901
0.8798
0.8968
0.8968
0.7644
0.8710
0.7642
0.8121
0.8967
0.8684
0.8302
0.7649
0.8968
0.8968
0.8860
0.7658
0.8467
0.7642
0.8968
0.8676
0.7640
0.7612
0.8968
0.8968
0.8967
0.8563
0.8304
0.7649
0.8968
0.7642
0.8968
0.8968
0.8968
0.8968
0.8690
0.8661
0.8477
0.8047
0.8366
0.7642
0.7642
0.8968
0.8968
0.8968
0.8318
0.8953
0.8047
0.8477
0.8419
0.8968
0.8856
0.7609
0.8968
0.8968
0.8318
0.8419
0.8968
0.8792
0.8968
0.8477
0.8968
0.8047
0.8968
0.8968
0.8690
0.8968
0.8047
0.8869
0.8792
0.8477
0.8792
0.8968
0.8968
0.8968
0.8968
0.8759
0.8869
0.8792
0.8968
0.8761
0.8476
0.8743
0.8968
0.8968
0.8968
0.8748
0.8761
0.8656
0.8968
0.8968
0.8967
0.8743
0.8968
0.8968
0.8968
0.8743
0.8967
0.8967
0.8968
0.8717
0.8864
0.8554
0.8968
0.8968
0.8968
0.8968
0.8968
0.8690
0.8968
0.8743
0.8967
0.8477
0.8968
0.8968
0.8968
0.8968
0.8968
0.8968
0.8968
0.8968
0.8743
0.8968
0.8968
0.8968
0.8743
0.8967
0.8743
0.8967
0.8966
0.8968
0.8708
0.8968
0.8968
0.8968
0.8745
0.8708
0.8717
0.8968
0.8708
0.8966
0.8708
0.8968
0.8968
0.8968
0.8968
0.8708
0.8968
0.8745
0.8968
0.8680
0.8717
0.8680
0.8968
0.8968
0.8708
0.8708
0.8781
0.8968
0.8717
0.8725
0.8717
0.8610
0.8968
0.8968
0.8852
0.8901
0.8924
0.8708
0.8708
0.8708
0.8613
0.8782
0.8968
0.8968
0.8708
0.8852
0.8708
0.8708
0.8578
0.8476
0.8968
0.8321
0.8968
0.8968
0.8708
0.7676
0.8862
0.8968
0.8490
0.8708
0.8708
0.8708
0.8968
0.8968
0.8968
0.8447
0.8968
0.8693
0.8512
0.8708
0.8968
0.8490
0.8968
0.8968
0.8869
0.8231
0.8862
0.8680
0.8743
0.8968
0.8708
0.8862
0.8968
0.8968
0.8453
0.8968
0.8708
0.8708
0.8781
0.8660
0.8968
0.8755
0.8968
0.8968
0.8968
0.8757
0.8077
0.8968
0.8968
0.8705
0.8968
0.8967
0.8968
0.8968
0.8077
0.8968
0.8177
0.8077
0.8757
0.8968
0.8690
0.8781
0.8968
0.8968
0.8177
0.8177
0.8742
0.8635
0.8782
0.8177
0.8781
0.8077
0.8968
0.8968
0.8153
0.8968
0.8188
0.8705
0.8635
0.8635
0.8076
0.8967
0.8968
0.8968
0.7742
0.8968
0.8690
0.8689
0.8759
0.8076
0.8968
0.8705
0.8968
0.8968
0.8597
0.8364
0.8968
0.8759
0.8968
0.8089
0.8861
0.8660
0.8968
0.8968
0.8075
0.8154
0.7814
0.8967
0.8364
0.8759
0.8154
0.8569
0.8968
0.8968
0.7814
0.8792
0.8075
0.8967
0.8717
0.8075
0.8155
0.8901
0.8968
0.8968
0.8792
0.8075
0.8075
0.8966
0.8717
0.8792
0.8901
0.8106
0.8968
0.8968
0.8967
0.8075
0.8759
0.8077
0.8075
0.8967
0.8752
0.8622
0.8968
0.8968
0.8361
0.8752
0.8740
0.8968
0.8759
0.8759
0.8745
0.8077
0.8968
0.8968
0.8752
0.8764
0.7804
0.8759
0.8745
0.8968
0.8708
0.8745
0.8968
0.8968
0.8680
0.8688
0.8348
0.8968
0.8547
0.8318
0.8707
0.8968
0.8968
0.8968
0.8714
0.8297
0.8688
0.8688
0.8318
0.8348
0.8968
0.8547
0.8968
0.8968
0.8297
0.8684
0.8655
0.8261
0.8781
0.8714
0.8968
0.8364
0.8968
0.8968
0.8745
0.8731
0.8297
0.8655
0.8781
0.8297
0.8781
0.8065
0.8968
0.8968
0.8968
0.8968
0.8759
0.8543
0.8968
0.8781
0.8297
0.8297
0.8968
0.8968
0.8117
0.8968
0.8348
0.8781
0.8297
0.8297
0.8297
0.8297
0.8968
0.8968
0.8297
0.8297
0.8335
0.8968
0.8968
0.8968
0.8348
0.8968
0.8968
0.8968
0.8335
0.8968
0.8872
0.8968
0.7744
0.8743
0.7744
0.8348
0.8968
0.8968
0.7744
0.8872
0.8531
0.8872
0.8968
0.8717
0.8872
0.8412
0.8968
0.8968
0.8968
0.8203
0.7738
0.8273
0.8968
0.8872
0.8717
0.8968
0.8968
0.8968
0.8203
0.8708
0.8716
0.7804
0.8968
0.8752
0.8968
0.8968
0.8968
0.8968
0.8503
0.8607
0.8968
0.7804
0.8708
0.7804
0.8077
0.8607
0.8968
0.8968
0.8707
0.8507
0.8427
0.7804
0.7804
0.8860
0.8968
0.8599
0.8968
0.8968
0.8708
0.8605
0.8968
0.7804
0.8759
0.8726
0.8717
0.8493
0.8968
0.8968
0.8439
0.8726
0.8569
0.8860
0.8472
0.8968
0.8713
0.7744
0.8968
0.8968
0.8759
0.8504
0.8472
0.8759
0.8438
0.8860
0.7752
0.8690
0.8968
0.8968
0.8754
0.8759
0.7752
0.8910
0.8504
0.8747
0.8302
0.8968
0.8968
0.8968
0.8759
0.8747
0.7726
0.8860
0.8749
0.8279
0.8464
0.8968
0.8968
0.8968
0.8910
0.8380
0.8761
0.7983
0.8749
0.8455
0.8968
0.8968
0.8968
0.8968
0.8910
0.8968
0.8761
0.8749
0.8968
0.8968
0.7734
0.8504
0.8968
0.8968
0.8968
0.8968
0.8747
0.7737
0.7691
0.7734
0.8455
0.7742
0.8968
0.8968
0.8689
0.8488
0.8858
0.8504
0.8968
0.7737
0.8759
0.7645
0.8968
0.8968
0.8464
0.7742
0.8967
0.8436
0.8910
0.7742
0.8968
0.8674
0.8968
0.8968
0.8888
0.8504
0.7742
0.7742
0.8462
0.8967
0.8605
0.8968
0.8968
0.8968
0.8547
0.7726
0.8366
0.8910
0.8872
0.8757
0.8757
0.8968
0.8968
0.8968
0.8968
0.8713
0.8968
0.8577
0.8792
0.8968
0.8872
0.7737
0.8968
0.8968
0.7653
0.8366
0.7726
0.8717
0.8792
0.8968
0.8968
0.8968
0.8968
0.8968
0.8661
0.8317
0.7742
0.8792
0.8968
0.8451
0.8968
0.8968
0.8968
0.8968
0.8968
0.8966
0.8792
0.8765
0.8968
0.8968
0.8317
0.8968
0.8968
0.8968
0.8752
0.8968
0.8968
0.8968
0.8713
0.8968
0.8968
0.8317
0.8968
0.8968
0.8966
0.8738
0.8924
0.8968
0.8717
0.8869
0.8749
0.8856
0.8968
0.8968
0.8742
0.8570
0.8856
0.8656
0.8966
0.8968
0.8717
0.8883
0.8968
0.8968
0.8966
0.8752
0.8910
0.8706
0.8280
0.8782
0.8967
0.8117
0.8968
0.8968
0.8117
0.8968
0.7742
0.8751
0.8967
0.8098
0.8752
0.8364
0.8968
0.8968
0.7737
0.8749
0.8098
0.8872
0.7742
0.8702
0.7742
0.8968
0.8968
0.8968
0.8910
0.8564
0.7737
0.7737
0.7692
0.7742
0.8968
0.7731
0.8968
0.8968
0.8910
0.7737
0.7742
0.8910
0.8968
0.8968
0.8856
0.8564
0.8968
0.8968
0.8968
0.8910
0.8782
0.8968
0.8794
0.8968
0.8390
0.8968
0.8968
0.8968
0.8757
0.8318
0.8968
0.8076
0.8454
0.8390
0.8682
0.8968
0.8968
0.8968
0.8755
0.8968
0.8757
0.8454
0.8117
0.8318
0.8454
0.8968
0.8968
0.8968
0.8757
0.8755
0.8968
0.8107
0.8454
0.8454
0.8968
0.8860
0.8968
0.8968
0.8860
0.8320
0.8755
0.8968
0.8117
0.7813
0.8220
0.8209
0.8968
0.8968
0.8757
0.7805
0.8968
0.9104
0.8209
0.8968
0.7813
0.7888
0.9104
0.8968
0.8968
0.8968
0.8968
0.8757
0.8209
0.7888
0.7813
0.7805
0.9104
