0.7896
0.8028
0.7485
0.7180
0.7715
0.7940
0.7426
0.8107
0.7582
0.7581
0.8107
0.8028
0.7370
0.7467
0.7394
0.7315
0.7427
0.7894
0.7669
0.7545
0.8107
0.8028
0.7400
0.7512
0.7467
0.7467
0.7538
0.7451
0.7646
0.7912
0.8107
0.8028
0.7483
0.8107
0.7419
0.8094
0.7419
0.7701
0.7470
0.7447
0.8107
0.8107
0.8055
0.8072
0.8068
0.7778
0.8033
0.8108
0.7619
0.7522
0.8108
0.8107
0.8108
0.8066
0.8108
0.8108
0.8107
0.8023
0.7677
0.8107
0.8108
0.8108
0.8107
0.8107
0.8108
0.8107
0.7442
0.8113
0.8107
0.8108
0.8113
0.8108
0.8108
0.8108
0.8108
0.8107
0.8108
0.8107
0.8107
0.8107
0.8113
0.8108
0.8108
0.8110
0.8107
0.8107
0.8110
0.8112
0.8107
0.8107
0.8113
0.8112
0.8108
0.8111
0.8108
0.8106
0.8107
0.8107
0.8107
0.8110
0.8113
0.8112
0.8107
0.8108
0.8106
0.8110
0.8107
0.8108
0.8110
0.8110
0.8113
0.8112
0.8110
0.8110
0.8110
0.8107
0.8107
0.8112
0.8112
0.8107
0.8113
0.8112
0.8112
0.8112
0.8109
0.8108
0.7711
0.8112
0.8107
0.8110
0.8113
0.8112
0.8107
0.8110
0.7709
0.8111
0.8115
0.7700
0.8107
0.8110
0.8115
0.8113
0.8110
0.8111
0.8112
0.8110
0.7709
0.8110
0.8112
0.8108
0.8115
0.8113
0.7732
0.8109
0.7755
0.8107
0.8110
0.8111
0.8111
0.8112
0.8115
0.8113
0.8112
0.8109
0.7723
0.8108
0.8110
0.8109
0.8109
0.8113
0.8115
0.8113
0.8109
0.7760
0.8107
0.8110
0.8112
0.8115
0.8112
0.8108
0.8115
0.8115
0.8110
0.8106
0.7761
0.8113
0.8112
0.8112
0.8112
0.8109
0.8115
0.8115
0.8116
0.7667
0.8109
0.8115
0.7707
0.8114
0.8113
0.8113
0.8116
0.8115
0.8113
0.8115
0.8111
0.7745
0.8114
0.8114
0.8107
0.8115
0.8116
0.8115
0.7709
0.8101
0.8093
0.8109
0.8114
0.8097
0.7743
0.8107
0.8116
0.8115
0.8109
0.7709
0.8101
0.8093
0.8112
0.8099
0.8112
0.7745
0.8116
0.8115
0.8099
0.7837
0.8101
0.8099
0.8112
0.8096
0.8097
0.7760
0.8116
0.8115
0.8119
0.8002
0.8099
0.8115
0.8101
0.8099
0.8099
0.8098
0.8119
0.8116
0.8098
0.8114
0.8099
0.8116
0.8099
0.8098
0.8099
0.8091
0.8119
0.8116
0.8096
0.8044
0.8119
0.8119
0.8095
0.8098
0.8115
0.8098
0.8119
0.8119
0.8099
0.8140
0.8097
0.8116
0.8119
0.8119
0.8158
0.8112
0.8158
0.8140
0.8139
0.8123
0.8112
0.8098
0.8072
0.8120
0.8116
0.8074
0.8158
0.8140
0.8142
0.8119
0.8123
0.8158
0.8112
0.8118
0.8139
0.8140
0.8158
0.8158
0.8142
0.8123
0.8097
0.8141
0.8158
0.8139
0.8154
0.8126
0.8158
0.8158
0.8159
0.8158
0.8160
0.8123
0.8142
0.8140
0.8105
0.8141
0.8160
0.8159
0.8141
0.8143
0.8116
0.8158
0.8140
0.8145
0.8101
0.8161
0.8161
0.8160
0.8095
0.8158
0.8158
0.8125
0.8101
0.8143
0.8141
0.8121
0.8161
0.8160
0.8158
0.8143
0.8109
0.8141
0.8140
0.8026
0.8126
0.8119
0.8161
0.8160
0.8119
0.8157
0.8101
0.8119
0.8140
0.8158
0.8026
0.8140
0.8161
0.8160
0.8160
0.8140
0.8043
0.8143
0.8158
0.8026
0.8158
0.8122
0.8161
0.8160
0.8096
0.8132
0.8143
0.8140
0.8111
0.8121
0.8160
0.8140
0.8161
0.8160
0.8113
0.8121
0.8095
0.8111
0.8124
0.8121
0.8157
0.8095
0.8161
0.8160
0.8163
0.8117
0.8163
0.8124
0.8143
0.8112
0.8157
0.8116
0.8163
0.8163
0.8162
0.8159
0.8162
0.8101
0.8158
0.8116
0.8114
0.8154
0.8163
0.8163
0.8149
0.8168
0.8160
0.8162
0.8162
0.8163
0.8138
0.8167
0.8168
0.8167
0.8163
0.8145
0.8163
0.8166
0.8138
0.8168
0.8161
0.8163
0.8168
0.8168
0.8148
0.8160
0.8159
0.8167
0.8145
0.8191
0.8163
0.8163
0.8191
0.8168
0.8168
0.8163
0.8141
0.8157
0.8167
0.8168
0.8148
0.8163
0.8191
0.8168
0.8150
0.8158
0.8159
0.8165
0.8168
0.8168
0.8167
0.8163
0.8191
0.8168
0.8168
0.8191
0.8188
0.8150
0.8147
0.8150
0.8158
0.8165
0.8191
0.8191
0.8142
0.8189
0.8158
0.8150
0.8188
0.8191
0.8150
0.8083
0.8191
0.8191
0.8159
0.8166
0.8191
0.8185
0.8083
0.8191
0.8189
0.8142
0.8191
0.8191
0.8117
0.8160
0.8188
0.8189
0.8191
0.8191
0.8188
0.8166
0.8191
0.8191
0.8191
0.8191
0.8150
0.8163
0.8117
0.8189
0.8192
0.8186
0.8192
0.8191
0.8164
0.8193
0.8190
0.8165
0.8185
0.8176
0.8191
0.8191
0.8193
0.8192
0.8165
0.8166
0.8195
0.8178
0.8166
0.8187
0.8165
0.8180
0.8195
0.8193
0.8167
0.8182
0.8185
0.8181
0.8188
0.8174
0.8166
0.8179
0.8195
0.8193
0.8181
0.8188
0.8184
0.8178
0.8180
0.8176
0.8167
0.8191
0.8195
0.8193
0.8171
0.8188
0.8170
0.8192
0.8064
0.8167
0.8177
0.8190
0.8195
0.8193
0.8178
0.8160
0.8179
0.8153
0.8066
0.8177
0.8171
0.8151
0.8195
0.8193
0.8160
0.8178
0.8179
0.8178
0.8167
0.8157
0.8066
0.8151
0.8195
0.8193
0.8141
0.8059
0.8164
0.8161
0.8046
0.8167
0.8066
0.8036
0.8195
0.8193
0.8169
0.8016
0.8167
0.8167
0.8018
0.8154
0.8140
0.8165
0.8195
0.8193
0.8141
0.8163
0.8046
0.8112
0.8139
0.8044
0.8016
0.8195
0.8195
0.8195
0.8018
0.7553
0.8044
0.8016
0.8193
0.8016
0.8159
0.8143
0.8195
0.8195
0.8018
0.8016
0.8193
0.7561
0.8065
0.8126
0.8193
0.8195
0.8195
0.8195
0.8018
0.8065
0.8195
0.8080
0.7434
0.7623
0.7958
0.8193
0.8195
0.8195
0.8065
0.7568
0.8064
0.8142
0.8094
0.8139
0.7629
0.8158
0.8195
0.8195
0.8158
0.8139
0.8173
0.7568
0.7608
0.8195
0.8195
0.7629
0.8195
0.8195
0.8195
0.8193
0.7629
0.8195
0.7626
0.8195
0.7568
0.8193
0.8195
0.8195
0.7629
0.7626
0.8169
0.7568
0.7629
0.8195
0.8195
0.8193
0.8195
0.8195
0.7559
0.8153
0.8169
0.8195
0.8195
0.7623
0.7608
0.8169
0.8195
0.8195
0.8193
0.8195
0.7577
0.8225
0.8159
0.7629
0.8195
0.7623
0.8225
0.8195
0.8159
0.8176
0.8195
0.8195
0.8193
0.7426
0.8225
0.8195
0.8225
0.8225
0.8195
0.8159
0.8195
0.8159
0.8193
0.7426
0.8223
0.8195
0.8225
0.8225
0.8195
0.8195
0.8172
0.8194
0.7827
0.8192
0.8166
0.7563
0.8225
0.8225
0.7827
0.8170
0.8195
0.8225
0.8171
0.8195
0.7626
0.8230
0.8230
0.8225
0.7626
0.8195
0.8195
0.8170
0.7827
0.8223
0.8225
0.8219
0.8230
0.8225
0.8103
0.8137
0.8217
0.8225
0.7626
0.8217
0.8195
0.8222
0.8230
0.8225
0.8225
0.8230
0.8137
0.8225
0.8225
0.8217
0.8194
0.8224
0.8230
0.8230
0.8212
0.8225
0.8114
0.8225
0.8225
0.8225
0.8195
0.8225
0.8230
0.8230
0.8226
0.8137
0.8225
0.8225
0.8225
0.8222
0.8114
0.8447
0.8447
0.8230
0.8222
0.8225
0.8223
0.7629
0.8223
0.7080
0.7792
0.8045
0.8447
0.8230
0.8186
0.7985
0.8137
0.8230
0.8219
0.8222
0.8225
0.8221
0.8447
0.8230
0.8219
0.8222
0.8220
0.8211
0.8225
0.8219
0.8221
0.8137
0.8447
0.8230
0.8219
0.8220
0.8212
0.8218
0.7792
0.8233
0.8203
0.8212
0.8447
0.8233
0.8217
0.7807
0.8212
0.8218
0.8385
0.7807
0.8220
0.7768
0.8447
0.8385
0.8211
0.7712
0.8218
0.8218
0.8190
0.8447
0.8200
0.8218
0.8447
0.8447
0.8220
0.8209
0.8190
0.8385
0.7623
0.8220
0.8218
0.8203
0.8447
0.8447
0.8209
0.8196
0.8168
0.8189
0.8220
0.8218
0.8308
0.8223
0.8447
0.8447
0.8190
0.8216
0.8209
0.8209
0.8291
0.8071
0.8167
0.8447
0.8447
0.8447
0.8167
0.8167
0.8447
0.8167
0.8447
0.8143
0.8149
0.8168
0.8447
0.8447
0.8447
0.8143
0.8287
0.8028
0.8447
0.8142
0.8322
0.7750
0.8447
0.8447
0.8028
0.8447
0.7726
0.8287
0.7750
0.8447
0.8168
0.8291
0.8447
0.8447
0.8447
0.8447
0.7719
0.8291
0.8066
0.8447
0.7750
0.8447
0.8447
0.8447
0.8341
0.7603
0.8066
0.7729
0.8219
0.7707
0.8447
0.7750
0.8447
0.8447
0.7629
0.7729
0.8066
0.7886
0.7629
0.7707
0.8066
0.8322
0.8447
0.8447
0.8019
0.7660
0.8161
0.8338
0.7603
0.7729
0.8351
0.8297
0.8447
0.8447
0.8161
0.8338
0.8447
0.8019
0.8230
0.7603
0.7603
0.8297
0.8447
0.8447
0.7952
0.8019
0.8019
0.8447
0.8111
0.8122
0.8297
0.8297
0.8447
0.8447
0.8447
0.8447
0.7722
0.8297
0.7952
0.8019
0.8297
0.8219
0.8447
0.8447
0.8492
0.7824
0.8297
0.7722
0.8447
0.8447
0.8019
0.8147
0.8492
0.8447
0.8313
0.7886
0.8356
0.8548
0.8451
0.7605
0.7872
0.8339
0.8548
0.8492
0.8316
0.7928
0.8322
0.8114
0.7642
0.8548
0.7824
0.8427
0.8548
0.8548
0.7997
0.7603
0.8548
0.7928
0.7976
0.8338
0.8548
0.7928
0.8548
0.8548
0.8224
0.7876
0.8548
0.7603
0.8548
0.7976
0.7976
0.8548
0.8548
0.8548
0.8109
0.7603
0.8548
0.7671
0.7602
0.8103
0.8548
0.7603
0.8548
0.8548
0.8522
0.7825
0.7603
0.8209
0.7671
0.8109
0.7602
0.8109
0.8548
0.8548
0.7716
0.8542
0.8109
0.8522
0.8109
0.8012
0.7671
0.8109
0.8548
0.8548
0.8109
0.8456
0.7700
0.7191
0.7529
0.7683
0.8115
0.8518
0.8548
0.8548
0.7529
0.8388
0.7733
0.8070
0.7619
0.7839
0.7179
0.7727
0.8548
0.8548
0.7170
0.8548
0.7619
0.7619
0.8548
0.7963
0.7895
0.7541
0.8548
0.8548
0.8548
0.8548
0.7541
0.8548
0.7595
0.7558
0.7619
0.7619
0.8548
0.8548
0.8548
0.8293
0.7619
0.7541
0.7545
0.7615
0.8489
0.8548
0.8548
0.8548
0.8188
0.8528
0.8293
0.8548
0.7527
0.8548
0.8548
0.7619
0.8548
0.8548
0.8548
0.8548
0.8480
0.8528
0.8560
0.8119
0.8528
0.8548
0.8560
0.8548
0.8274
0.8560
0.8358
0.8548
0.8519
0.8560
0.8654
0.8548
0.8654
0.8560
0.8519
0.8560
0.8358
0.8548
0.6977
0.8560
0.8166
0.8519
0.8654
0.8560
0.8560
0.8473
0.8282
0.8560
0.8519
0.8548
0.8438
0.8519
0.8654
0.8560
0.8560
0.8636
0.8282
0.8654
0.8560
0.8560
0.7615
0.8166
0.8654
0.8654
0.8395
0.8779
0.8094
0.8166
0.8166
0.8560
0.8166
0.7617
0.8779
0.8654
0.8560
0.8166
0.8166
0.8094
0.8166
0.8000
0.8489
0.8315
0.8779
0.8654
0.8166
0.8441
0.8693
0.8166
0.8166
0.8727
0.8166
0.8094
0.8779
0.8727
0.8779
0.8166
0.8417
0.7631
0.8197
0.8282
0.8497
0.8418
0.8779
0.8779
0.8197
0.8196
0.8418
0.8340
0.8283
0.8727
0.8578
0.7762
0.8779
0.8779
0.8416
0.8403
0.8340
0.8196
0.8340
0.8779
0.7957
0.7956
0.8779
0.8779
0.8782
0.8779
0.8061
0.8209
0.8283
0.8775
0.8224
0.8479
0.8782
0.8779
0.8061
0.8701
0.8775
0.8782
0.8779
0.8283
0.8779
0.8727
0.8782
0.8782
0.7906
0.8727
0.8703
0.8779
0.8199
0.8061
0.8750
0.8779
0.8782
0.8782
0.8283
0.8703
0.7861
0.8011
0.7934
0.8779
0.8061
0.7906
0.8782
0.8782
0.7885
0.8747
0.8062
0.8758
0.7907
0.8701
0.8283
0.8782
0.8782
0.8782
0.8122
0.8061
0.8062
0.8590
0.8782
0.8730
0.8779
0.8012
0.8782
0.8782
0.8062
0.8168
0.8782
0.7939
0.8782
0.8062
0.8779
0.7966
0.8782
0.8782
0.8011
0.8751
0.8062
0.8168
0.8779
0.8012
0.8782
0.8782
0.8782
0.8782
0.8011
0.8782
0.8779
0.8148
0.8168
0.8782
0.8595
0.8779
0.8782
0.8782
0.8779
0.8779
0.8907
0.7833
0.8148
0.8779
0.8782
0.8703
0.8907
0.8782
0.7833
0.8797
0.8779
0.8782
0.8907
0.8782
0.8782
0.8782
0.8907
0.8907
0.8782
0.8782
0.8907
0.7826
0.7631
0.7851
0.8751
0.9040
0.9040
0.8907
0.8907
0.8907
0.8782
0.8782
0.8751
0.7851
0.7826
0.7631
0.9040
